Log file open, 06/01/23 04:48:35
LogWindows: Failed to load 'aqProf.dll' (GetLastError=126)
LogWindows: File 'aqProf.dll' does not exist
LogWindows: Failed to load 'VtuneApi.dll' (GetLastError=126)
LogWindows: File 'VtuneApi.dll' does not exist
LogWindows: Failed to load 'VtuneApi32e.dll' (GetLastError=126)
LogWindows: File 'VtuneApi32e.dll' does not exist
LogConsoleResponse: Display: Failed to find resolution value strings in scalability ini. Falling back to default.
LogConsoleResponse: Display: Failed to find resolution value strings in scalability ini. Falling back to default.
LogInit: Display: Running engine for game: ARL
LogPlatformFile: Not using cached read wrapper
LogTaskGraph: Started task graph with 5 named threads and 23 total threads with 3 sets of task threads.
LogStats: Stats thread started at 0.441242
LogICUInternationalization: ICU TimeZone Detection - Raw Offset: +8:00, Platform Override: ''
LogInit: Display: Loading text-based GConfig....
LogPluginManager: Mounting plugin MeshPainting
LogPluginManager: Mounting plugin XGEController
LogPluginManager: Mounting plugin Paper2D
LogPluginManager: Mounting plugin LiveLink
LogPluginManager: Mounting plugin AISupport
LogPluginManager: Mounting plugin EnvironmentQueryEditor
LogPluginManager: Mounting plugin LightPropagationVolume
LogPluginManager: Mounting plugin CameraShakePreviewer
LogPluginManager: Mounting plugin GameplayCameras
LogPluginManager: Mounting plugin OodleData
LogPluginManager: Mounting plugin OodleNetwork
LogPluginManager: Mounting plugin AnimationSharing
LogPluginManager: Mounting plugin CLionSourceCodeAccess
LogPluginManager: Mounting plugin CodeLiteSourceCodeAccess
LogPluginManager: Mounting plugin GitSourceControl
LogPluginManager: Mounting plugin KDevelopSourceCodeAccess
LogPluginManager: Mounting plugin NullSourceCodeAccess
LogPluginManager: Mounting plugin PixWinPlugin
LogPluginManager: Mounting plugin PropertyAccessNode
LogPluginManager: Mounting plugin PlasticSourceControl
LogPluginManager: Mounting plugin AssetManagerEditor
LogPluginManager: Mounting plugin PerforceSourceControl
LogPluginManager: Mounting plugin RiderSourceCodeAccess
LogPluginManager: Mounting plugin TextureFormatOodle
LogPluginManager: Mounting plugin PluginUtils
LogPluginManager: Mounting plugin UObjectPlugin
LogPluginManager: Mounting plugin VisualStudioCodeSourceCodeAccess
LogPluginManager: Mounting plugin VisualStudioSourceCodeAccess
LogPluginManager: Mounting plugin CryptoKeys
LogPluginManager: Mounting plugin XCodeSourceCodeAccess
LogPluginManager: Mounting plugin CurveEditorTools
LogPluginManager: Mounting plugin FacialAnimation
LogPluginManager: Mounting plugin DataValidation
LogPluginManager: Mounting plugin GameplayTagsEditor
LogPluginManager: Mounting plugin SubversionSourceControl
LogPluginManager: Mounting plugin MacGraphicsSwitching
LogPluginManager: Mounting plugin GeometryMode
LogPluginManager: Mounting plugin MaterialAnalyzer
LogPluginManager: Mounting plugin PluginBrowser
LogPluginManager: Mounting plugin SpeedTreeImporter
LogPluginManager: Mounting plugin DatasmithContent
LogPluginManager: Mounting plugin Niagara
LogPluginManager: Mounting plugin VariantManagerContent
LogPluginManager: Mounting plugin LuminPlatformFeatures
LogPluginManager: Mounting plugin MagicLeap
LogPluginManager: Mounting plugin MobileLauncherProfileWizard
LogPluginManager: Mounting plugin AndroidMedia
LogPluginManager: Mounting plugin MagicLeapLightEstimation
LogPluginManager: Mounting plugin AlembicImporter
LogPluginManager: Mounting plugin MagicLeapMedia
LogPluginManager: Mounting plugin AvfMedia
LogPluginManager: Mounting plugin MagicLeapPassableWorld
LogPluginManager: Mounting plugin BackChannel
LogPluginManager: Mounting plugin TcpMessaging
LogPluginManager: Mounting plugin UdpMessaging
LogPluginManager: Mounting plugin MLSDK
LogPluginManager: Mounting plugin ChaosCloth
LogPluginManager: Mounting plugin AutomationUtils
LogPluginManager: Mounting plugin ImgMedia
LogPluginManager: Mounting plugin MediaCompositing
LogPluginManager: Mounting plugin ChaosEditor
LogPluginManager: Mounting plugin ChaosNiagara
LogPluginManager: Mounting plugin ChaosSolverPlugin
LogPluginManager: Mounting plugin CharacterAI
LogPluginManager: Mounting plugin MediaPlayerEditor
LogPluginManager: Mounting plugin WebMMedia
LogPluginManager: Mounting plugin WmfMedia
LogPluginManager: Mounting plugin GeometryCollectionPlugin
LogPluginManager: Mounting plugin GeometryProcessing
LogPluginManager: Mounting plugin MotoSynth
LogPluginManager: Mounting plugin OpenImageDenoise
LogPluginManager: Mounting plugin GeometryCache
LogPluginManager: Mounting plugin PlanarCut
LogPluginManager: Mounting plugin ActorSequence
LogPluginManager: Mounting plugin PlatformCrypto
LogPluginManager: Mounting plugin ProxyLODPlugin
LogPluginManager: Mounting plugin PythonScriptPlugin
LogPluginManager: Mounting plugin LevelSequenceEditor
LogPluginManager: Mounting plugin SkeletalReduction
LogPluginManager: Mounting plugin MatineeToLevelSequence
LogPluginManager: Mounting plugin TemplateSequence
LogPluginManager: Mounting plugin OnlineSubsystem
LogPluginManager: Mounting plugin OnlineSubsystemNull
LogPluginManager: Mounting plugin OnlineSubsystemUtils
LogPluginManager: Mounting plugin ActorLayerUtilities
LogPluginManager: Mounting plugin LauncherChunkInstaller
LogPluginManager: Mounting plugin AndroidMoviePlayer
LogPluginManager: Mounting plugin AndroidDeviceProfileSelector
LogPluginManager: Mounting plugin AndroidPermission
LogPluginManager: Mounting plugin AppleImageUtils
LogPluginManager: Mounting plugin AppleMoviePlayer
LogPluginManager: Mounting plugin ArchVisCharacter
LogPluginManager: Mounting plugin ChaosClothEditor
LogPluginManager: Mounting plugin AssetTags
LogPluginManager: Mounting plugin AudioCapture
LogPluginManager: Mounting plugin AudioSynesthesia
LogPluginManager: Mounting plugin ChunkDownloader
LogPluginManager: Mounting plugin CableComponent
LogPluginManager: Mounting plugin ExampleDeviceProfileSelector
LogPluginManager: Mounting plugin EditableMesh
LogPluginManager: Mounting plugin GoogleCloudMessaging
LogPluginManager: Mounting plugin GooglePAD
LogPluginManager: Mounting plugin CustomMeshComponent
LogPluginManager: Mounting plugin ScreenshotTools
LogPluginManager: Mounting plugin IOSDeviceProfileSelector
LogPluginManager: Mounting plugin LinuxDeviceProfileSelector
LogPluginManager: Mounting plugin LocationServicesBPLibrary
LogPluginManager: Mounting plugin MobilePatchingUtils
LogPluginManager: Mounting plugin OpenXR
LogPluginManager: Mounting plugin OpenXREyeTracker
LogPluginManager: Mounting plugin OpenXRHandTracking
LogPluginManager: Mounting plugin PhysXVehicles
LogPluginManager: Mounting plugin PostSplashScreen
LogPluginManager: Mounting plugin ProceduralMeshComponent
LogPluginManager: Mounting plugin PropertyAccessEditor
LogPluginManager: Mounting plugin RuntimePhysXCooking
LogPluginManager: Mounting plugin SoundFields
LogPluginManager: Mounting plugin SignificanceManager
LogPluginManager: Mounting plugin Synthesis
LogPluginManager: Mounting plugin WebMMoviePlayer
LogPluginManager: Mounting plugin WindowsMoviePlayer
LogPluginManager: Mounting plugin Takes
LogPluginManager: Mounting plugin ContentBrowserAssetDataSource
LogPluginManager: Mounting plugin ContentBrowserFileDataSource
LogPluginManager: Mounting plugin ContentBrowserClassDataSource
LogPluginManager: Mounting plugin OnlineSubsystemGooglePlay
LogPluginManager: Mounting plugin OnlineSubsystemIOS
LogPluginManager: Mounting plugin OculusVR
LogPluginManager: Mounting plugin SteamVR
LogInit: Warning: Incompatible or missing module: ARL
Running F:/UE_4.27/Engine/Binaries/DotNET/UnrealBuildTool.exe Development Win64 -Project="D:/UEStudy/ARL/UEARL/ARL/ARL.uproject" -TargetType=Editor -Progress -NoEngineChanges -NoHotReloadFromIDE
Using 'git status' to determine working set for adaptive non-unity build (D:\UEStudy\ARL\UEARL).
@progress push 5%
@progress pop
Building ARLEditor...
Using Visual Studio 2019 14.29.30148 toolchain (D:\VS2019\VC\Tools\MSVC\14.29.30133) and Windows 10.0.17763.0 SDK (C:\Program Files (x86)\Windows Kits\10).
Building 4 actions with 8 processes...
  @progress 'Compiling C++ source code...' 0%
  @progress 'Compiling C++ source code...' 25%
  [1/4] ARLGameModeBase.gen.cpp
  @progress 'Compiling C++ source code...' 50%
  [2/4] UE4Editor-ARL.lib
    ???ڴ????? D:\UEStudy\ARL\UEARL\ARL\Intermediate\Build\Win64\UE4Editor\Development\ARL\UE4Editor-ARL.lib ?Ͷ??? D:\UEStudy\ARL\UEARL\ARL\Intermediate\Build\Win64\UE4Editor\Development\ARL\UE4Editor-ARL.exp
  @progress 'Compiling C++ source code...' 75%
  [3/4] UE4Editor-ARL.dll
    ???ڴ????? D:\UEStudy\ARL\UEARL\ARL\Intermediate\Build\Win64\UE4Editor\Development\ARL\UE4Editor-ARL.suppressed.lib ?Ͷ??? D:\UEStudy\ARL\UEARL\ARL\Intermediate\Build\Win64\UE4Editor\Development\ARL\UE4Editor-ARL.suppressed.exp
  @progress 'Compiling C++ source code...' 100%
  [4/4] ARLEditor.target
Total time in Parallel executor: 53.49 seconds
Total execution time: 64.71 seconds
PixWinPlugin: PIX capture plugin failed to initialize! Check that the process is launched from PIX.
LogLuminAPIImpl: Warning: MLSDK not found.  This likely means the MLSDK environment variable is not set.
LogInit: Using libcurl 7.55.1-DEV
LogInit:  - built for x86_64-pc-win32
LogInit:  - supports SSL with OpenSSL/1.1.1
LogInit:  - supports HTTP deflate (compression) using libz 1.2.8
LogInit:  - other features:
LogInit:      CURL_VERSION_SSL
LogInit:      CURL_VERSION_LIBZ
LogInit:      CURL_VERSION_IPV6
LogInit:      CURL_VERSION_ASYNCHDNS
LogInit:      CURL_VERSION_LARGEFILE
LogInit:      CURL_VERSION_IDN
LogInit:  CurlRequestOptions (configurable via config and command line):
LogInit:  - bVerifyPeer = true  - Libcurl will verify peer certificate
LogInit:  - bUseHttpProxy = false  - Libcurl will NOT use HTTP proxy
LogInit:  - bDontReuseConnections = false  - Libcurl will reuse connections
LogInit:  - MaxHostConnections = 16  - Libcurl will limit the number of connections to a host
LogInit:  - LocalHostAddr = Default
LogInit:  - BufferSize = 65536
LogOnline: OSS: Creating online subsystem instance for: NULL
LogInit: WinSock: version 1.1 (2.2), MaxSocks=32767, MaxUdp=65467
LogOnline: OSS: TryLoadSubsystemAndSetDefault: Loaded subsystem for module [NULL]
LogOculusPluginWrapper: OculusPlugin initialized successfully
LogHMD: Failed initializing OVRPlugin 1.59.0
LogInit: Build: ++UE4+Release-4.27-CL-18319896
LogInit: Engine Version: 4.27.2-18319896+++UE4+Release-4.27
LogInit: Compatible Engine Version: 4.27.0-17155196+++UE4+Release-4.27
LogInit: Net CL: 17155196
LogInit: OS: Windows 10 (Release 2009) (), CPU: Intel(R) Core(TM) i7-7700HQ CPU @ 2.80GHz, GPU: Intel(R) HD Graphics 630
LogInit: Compiled (64-bit): Nov 30 2021 07:12:08
LogInit: Compiled with Visual C++: 19.24.28315.00
LogInit: Build Configuration: Development
LogInit: Branch Name: ++UE4+Release-4.27
LogInit: Command Line: 
LogInit: Base Directory: F:/UE_4.27/Engine/Binaries/Win64/
LogInit: Allocator: TBB
LogInit: Installed Engine Build: 1
LogDevObjectVersion: Number of dev versions registered: 29
LogDevObjectVersion:   Dev-Blueprints (B0D832E4-1F89-4F0D-ACCF-7EB736FD4AA2): 10
LogDevObjectVersion:   Dev-Build (E1C64328-A22C-4D53-A36C-8E866417BD8C): 0
LogDevObjectVersion:   Dev-Core (375EC13C-06E4-48FB-B500-84F0262A717E): 4
LogDevObjectVersion:   Dev-Editor (E4B068ED-F494-42E9-A231-DA0B2E46BB41): 40
LogDevObjectVersion:   Dev-Framework (CFFC743F-43B0-4480-9391-14DF171D2073): 37
LogDevObjectVersion:   Dev-Mobile (B02B49B5-BB20-44E9-A304-32B752E40360): 3
LogDevObjectVersion:   Dev-Networking (A4E4105C-59A1-49B5-A7C5-40C4547EDFEE): 0
LogDevObjectVersion:   Dev-Online (39C831C9-5AE6-47DC-9A44-9C173E1C8E7C): 0
LogDevObjectVersion:   Dev-Physics (78F01B33-EBEA-4F98-B9B4-84EACCB95AA2): 14
LogDevObjectVersion:   Dev-Platform (6631380F-2D4D-43E0-8009-CF276956A95A): 0
LogDevObjectVersion:   Dev-Rendering (12F88B9F-8875-4AFC-A67C-D90C383ABD29): 45
LogDevObjectVersion:   Dev-Sequencer (7B5AE74C-D270-4C10-A958-57980B212A5A): 13
LogDevObjectVersion:   Dev-VR (D7296918-1DD6-4BDD-9DE2-64A83CC13884): 3
LogDevObjectVersion:   Dev-LoadTimes (C2A15278-BFE7-4AFE-6C17-90FF531DF755): 1
LogDevObjectVersion:   Private-Geometry (6EACA3D4-40EC-4CC1-B786-8BED09428FC5): 3
LogDevObjectVersion:   Dev-AnimPhys (29E575DD-E0A3-4627-9D10-D276232CDCEA): 17
LogDevObjectVersion:   Dev-Anim (AF43A65D-7FD3-4947-9873-3E8ED9C1BB05): 15
LogDevObjectVersion:   Dev-ReflectionCapture (6B266CEC-1EC7-4B8F-A30B-E4D90942FC07): 1
LogDevObjectVersion:   Dev-Automation (0DF73D61-A23F-47EA-B727-89E90C41499A): 1
LogDevObjectVersion:   FortniteMain (601D1886-AC64-4F84-AA16-D3DE0DEAC7D6): 47
LogDevObjectVersion:   FortniteRelease (E7086368-6B23-4C58-8439-1B7016265E91): 1
LogDevObjectVersion:   Dev-Enterprise (9DFFBCD6-494F-0158-E221-12823C92A888): 10
LogDevObjectVersion:   Dev-Niagara (F2AED0AC-9AFE-416F-8664-AA7FFA26D6FC): 1
LogDevObjectVersion:   Dev-Destruction (174F1F0B-B4C6-45A5-B13F-2EE8D0FB917D): 10
LogDevObjectVersion:   Dev-Physics-Ext (35F94A83-E258-406C-A318-09F59610247C): 41
LogDevObjectVersion:   Dev-PhysicsMaterial-Chaos (B68FC16E-8B1B-42E2-B453-215C058844FE): 1
LogDevObjectVersion:   Dev-CineCamera (B2E18506-4273-CFC2-A54E-F4BB758BBA07): 1
LogDevObjectVersion:   Dev-VirtualProduction (64F58936-FD1B-42BA-BA96-7289D5D0FA4E): 1
LogDevObjectVersion:   Dev-MediaFramework (6F0ED827-A609-4895-9C91-998D90180EA4): 2
LogInit: Presizing for max 25165824 objects, including 0 objects not considered by GC, pre-allocating 0 bytes for permanent pool.
LogConfig: Applying CVar settings from Section [/Script/Engine.StreamingSettings] File [D:/UEStudy/ARL/UEARL/ARL/Saved/Config/Windows/Engine.ini]
LogConfig: Setting CVar [[s.MinBulkDataSizeForAsyncLoading:131072]]
LogConfig: Setting CVar [[s.AsyncLoadingThreadEnabled:0]]
LogConfig: Setting CVar [[s.EventDrivenLoaderEnabled:1]]
LogConfig: Setting CVar [[s.WarnIfTimeLimitExceeded:0]]
LogConfig: Setting CVar [[s.TimeLimitExceededMultiplier:1.5]]
LogConfig: Setting CVar [[s.TimeLimitExceededMinTime:0.005]]
LogConfig: Setting CVar [[s.UseBackgroundLevelStreaming:1]]
LogConfig: Setting CVar [[s.PriorityAsyncLoadingExtraTime:15.0]]
LogConfig: Setting CVar [[s.LevelStreamingActorsUpdateTimeLimit:5.0]]
LogConfig: Setting CVar [[s.PriorityLevelStreamingActorsUpdateExtraTime:5.0]]
LogConfig: Setting CVar [[s.LevelStreamingComponentsRegistrationGranularity:10]]
LogConfig: Setting CVar [[s.UnregisterComponentsTimeLimit:1.0]]
LogConfig: Setting CVar [[s.LevelStreamingComponentsUnregistrationGranularity:5]]
LogConfig: Setting CVar [[s.FlushStreamingOnExit:1]]
LogInit: Object subsystem initialized
LogConfig: Setting CVar [[con.DebugEarlyDefault:1]]
LogConfig: Setting CVar [[r.setres:1280x720]]
[2023.05.31-20.49.59:734][  0]LogConfig: Setting CVar [[r.VSync:0]]
[2023.05.31-20.49.59:734][  0]LogConfig: Setting CVar [[r.RHICmdBypass:0]]
[2023.05.31-20.49.59:734][  0]LogConfig: Applying CVar settings from Section [/Script/Engine.RendererSettings] File [D:/UEStudy/ARL/UEARL/ARL/Saved/Config/Windows/Engine.ini]
[2023.05.31-20.49.59:734][  0]LogConfig: Setting CVar [[r.GPUCrashDebugging:0]]
[2023.05.31-20.49.59:734][  0]LogConfig: Applying CVar settings from Section [/Script/Engine.RendererOverrideSettings] File [D:/UEStudy/ARL/UEARL/ARL/Saved/Config/Windows/Engine.ini]
[2023.05.31-20.49.59:734][  0]LogConfig: Applying CVar settings from Section [/Script/Engine.StreamingSettings] File [D:/UEStudy/ARL/UEARL/ARL/Saved/Config/Windows/Engine.ini]
[2023.05.31-20.49.59:734][  0]LogConfig: Setting CVar [[s.MinBulkDataSizeForAsyncLoading:131072]]
[2023.05.31-20.49.59:734][  0]LogConfig: Setting CVar [[s.AsyncLoadingThreadEnabled:0]]
[2023.05.31-20.49.59:734][  0]LogConfig: Setting CVar [[s.EventDrivenLoaderEnabled:1]]
[2023.05.31-20.49.59:734][  0]LogConfig: Setting CVar [[s.WarnIfTimeLimitExceeded:0]]
[2023.05.31-20.49.59:734][  0]LogConfig: Setting CVar [[s.TimeLimitExceededMultiplier:1.5]]
[2023.05.31-20.49.59:734][  0]LogConfig: Setting CVar [[s.TimeLimitExceededMinTime:0.005]]
[2023.05.31-20.49.59:734][  0]LogConfig: Setting CVar [[s.UseBackgroundLevelStreaming:1]]
[2023.05.31-20.49.59:735][  0]LogConfig: Setting CVar [[s.PriorityAsyncLoadingExtraTime:15.0]]
[2023.05.31-20.49.59:735][  0]LogConfig: Setting CVar [[s.LevelStreamingActorsUpdateTimeLimit:5.0]]
[2023.05.31-20.49.59:735][  0]LogConfig: Setting CVar [[s.PriorityLevelStreamingActorsUpdateExtraTime:5.0]]
[2023.05.31-20.49.59:735][  0]LogConfig: Setting CVar [[s.LevelStreamingComponentsRegistrationGranularity:10]]
[2023.05.31-20.49.59:735][  0]LogConfig: Setting CVar [[s.UnregisterComponentsTimeLimit:1.0]]
[2023.05.31-20.49.59:735][  0]LogConfig: Setting CVar [[s.LevelStreamingComponentsUnregistrationGranularity:5]]
[2023.05.31-20.49.59:735][  0]LogConfig: Setting CVar [[s.FlushStreamingOnExit:1]]
[2023.05.31-20.49.59:735][  0]LogConfig: Applying CVar settings from Section [/Script/Engine.GarbageCollectionSettings] File [D:/UEStudy/ARL/UEARL/ARL/Saved/Config/Windows/Engine.ini]
[2023.05.31-20.49.59:735][  0]LogConfig: Setting CVar [[gc.MaxObjectsNotConsideredByGC:1]]
[2023.05.31-20.49.59:735][  0]LogConfig: Setting CVar [[gc.SizeOfPermanentObjectPool:0]]
[2023.05.31-20.49.59:735][  0]LogConfig: Setting CVar [[gc.FlushStreamingOnGC:0]]
[2023.05.31-20.49.59:735][  0]LogConfig: Setting CVar [[gc.NumRetriesBeforeForcingGC:10]]
[2023.05.31-20.49.59:735][  0]LogConfig: Setting CVar [[gc.AllowParallelGC:1]]
[2023.05.31-20.49.59:735][  0]LogConfig: Setting CVar [[gc.TimeBetweenPurgingPendingKillObjects:61.1]]
[2023.05.31-20.49.59:735][  0]LogConfig: Setting CVar [[gc.MaxObjectsInEditor:25165824]]
[2023.05.31-20.49.59:735][  0]LogConfig: Setting CVar [[gc.IncrementalBeginDestroyEnabled:1]]
[2023.05.31-20.49.59:735][  0]LogConfig: Setting CVar [[gc.CreateGCClusters:1]]
[2023.05.31-20.49.59:735][  0]LogConfig: Setting CVar [[gc.MinGCClusterSize:5]]
[2023.05.31-20.49.59:735][  0]LogConfig: Setting CVar [[gc.ActorClusteringEnabled:0]]
[2023.05.31-20.49.59:735][  0]LogConfig: Setting CVar [[gc.BlueprintClusteringEnabled:0]]
[2023.05.31-20.49.59:735][  0]LogConfig: Setting CVar [[gc.UseDisregardForGCOnDedicatedServers:0]]
[2023.05.31-20.49.59:735][  0]LogConfig: Setting CVar [[gc.MultithreadedDestructionEnabled:1]]
[2023.05.31-20.49.59:735][  0]LogConfig: Applying CVar settings from Section [/Script/Engine.NetworkSettings] File [D:/UEStudy/ARL/UEARL/ARL/Saved/Config/Windows/Engine.ini]
[2023.05.31-20.49.59:735][  0]LogConfig: Applying CVar settings from Section [/Script/UnrealEd.CookerSettings] File [D:/UEStudy/ARL/UEARL/ARL/Saved/Config/Windows/Engine.ini]
[2023.05.31-20.49.59:743][  0]LogConfig: Applying CVar settings from Section [ViewDistanceQuality@3] File [D:/UEStudy/ARL/UEARL/ARL/Saved/Config/Windows/Scalability.ini]
[2023.05.31-20.49.59:743][  0]LogConfig: Setting CVar [[r.SkeletalMeshLODBias:0]]
[2023.05.31-20.49.59:743][  0]LogConfig: Setting CVar [[r.ViewDistanceScale:1.0]]
[2023.05.31-20.49.59:743][  0]LogConfig: Applying CVar settings from Section [AntiAliasingQuality@3] File [D:/UEStudy/ARL/UEARL/ARL/Saved/Config/Windows/Scalability.ini]
[2023.05.31-20.49.59:743][  0]LogConfig: Setting CVar [[r.PostProcessAAQuality:4]]
[2023.05.31-20.49.59:743][  0]LogConfig: Applying CVar settings from Section [ShadowQuality@3] File [D:/UEStudy/ARL/UEARL/ARL/Saved/Config/Windows/Scalability.ini]
[2023.05.31-20.49.59:743][  0]LogConfig: Setting CVar [[r.LightFunctionQuality:1]]
[2023.05.31-20.49.59:743][  0]LogConfig: Setting CVar [[r.ShadowQuality:5]]
[2023.05.31-20.49.59:743][  0]LogConfig: Setting CVar [[r.Shadow.CSM.MaxCascades:10]]
[2023.05.31-20.49.59:743][  0]LogConfig: Setting CVar [[r.Shadow.MaxResolution:2048]]
[2023.05.31-20.49.59:743][  0]LogConfig: Setting CVar [[r.Shadow.MaxCSMResolution:2048]]
[2023.05.31-20.49.59:743][  0]LogConfig: Setting CVar [[r.Shadow.RadiusThreshold:0.01]]
[2023.05.31-20.49.59:743][  0]LogConfig: Setting CVar [[r.Shadow.DistanceScale:1.0]]
[2023.05.31-20.49.59:743][  0]LogConfig: Setting CVar [[r.Shadow.CSM.TransitionScale:1.0]]
[2023.05.31-20.49.59:743][  0]LogConfig: Setting CVar [[r.Shadow.PreShadowResolutionFactor:1.0]]
[2023.05.31-20.49.59:743][  0]LogConfig: Setting CVar [[r.DistanceFieldShadowing:1]]
[2023.05.31-20.49.59:743][  0]LogConfig: Setting CVar [[r.DistanceFieldAO:1]]
[2023.05.31-20.49.59:743][  0]LogConfig: Setting CVar [[r.AOQuality:2]]
[2023.05.31-20.49.59:743][  0]LogConfig: Setting CVar [[r.VolumetricFog:1]]
[2023.05.31-20.49.59:743][  0]LogConfig: Setting CVar [[r.VolumetricFog.GridPixelSize:8]]
[2023.05.31-20.49.59:743][  0]LogConfig: Setting CVar [[r.VolumetricFog.GridSizeZ:128]]
[2023.05.31-20.49.59:743][  0]LogConfig: Setting CVar [[r.VolumetricFog.HistoryMissSupersampleCount:4]]
[2023.05.31-20.49.59:743][  0]LogConfig: Setting CVar [[r.LightMaxDrawDistanceScale:1]]
[2023.05.31-20.49.59:743][  0]LogConfig: Setting CVar [[r.CapsuleShadows:1]]
[2023.05.31-20.49.59:743][  0]LogConfig: Applying CVar settings from Section [PostProcessQuality@3] File [D:/UEStudy/ARL/UEARL/ARL/Saved/Config/Windows/Scalability.ini]
[2023.05.31-20.49.59:743][  0]LogConfig: Setting CVar [[r.MotionBlurQuality:4]]
[2023.05.31-20.49.59:743][  0]LogConfig: Setting CVar [[r.AmbientOcclusionMipLevelFactor:0.4]]
[2023.05.31-20.49.59:743][  0]LogConfig: Setting CVar [[r.AmbientOcclusionMaxQuality:100]]
[2023.05.31-20.49.59:743][  0]LogConfig: Setting CVar [[r.AmbientOcclusionLevels:-1]]
[2023.05.31-20.49.59:743][  0]LogConfig: Setting CVar [[r.AmbientOcclusionRadiusScale:1.0]]
[2023.05.31-20.49.59:744][  0]LogConfig: Setting CVar [[r.DepthOfFieldQuality:2]]
[2023.05.31-20.49.59:744][  0]LogConfig: Setting CVar [[r.RenderTargetPoolMin:400]]
[2023.05.31-20.49.59:744][  0]LogConfig: Setting CVar [[r.LensFlareQuality:2]]
[2023.05.31-20.49.59:744][  0]LogConfig: Setting CVar [[r.SceneColorFringeQuality:1]]
[2023.05.31-20.49.59:744][  0]LogConfig: Setting CVar [[r.EyeAdaptationQuality:2]]
[2023.05.31-20.49.59:744][  0]LogConfig: Setting CVar [[r.BloomQuality:5]]
[2023.05.31-20.49.59:744][  0]LogConfig: Setting CVar [[r.FastBlurThreshold:100]]
[2023.05.31-20.49.59:744][  0]LogConfig: Setting CVar [[r.Upscale.Quality:3]]
[2023.05.31-20.49.59:744][  0]LogConfig: Setting CVar [[r.Tonemapper.GrainQuantization:1]]
[2023.05.31-20.49.59:744][  0]LogConfig: Setting CVar [[r.LightShaftQuality:1]]
[2023.05.31-20.49.59:744][  0]LogConfig: Setting CVar [[r.Filter.SizeScale:1]]
[2023.05.31-20.49.59:744][  0]LogConfig: Setting CVar [[r.Tonemapper.Quality:5]]
[2023.05.31-20.49.59:744][  0]LogConfig: Setting CVar [[r.DOF.Gather.AccumulatorQuality:1        ; higher gathering accumulator quality]]
[2023.05.31-20.49.59:744][  0]LogConfig: Setting CVar [[r.DOF.Gather.PostfilterMethod:1          ; Median3x3 postfilering method]]
[2023.05.31-20.49.59:744][  0]LogConfig: Setting CVar [[r.DOF.Gather.EnableBokehSettings:0       ; no bokeh simulation when gathering]]
[2023.05.31-20.49.59:744][  0]LogConfig: Setting CVar [[r.DOF.Gather.RingCount:4                 ; medium number of samples when gathering]]
[2023.05.31-20.49.59:744][  0]LogConfig: Setting CVar [[r.DOF.Scatter.ForegroundCompositing:1    ; additive foreground scattering]]
[2023.05.31-20.49.59:744][  0]LogConfig: Setting CVar [[r.DOF.Scatter.BackgroundCompositing:2    ; additive background scattering]]
[2023.05.31-20.49.59:744][  0]LogConfig: Setting CVar [[r.DOF.Scatter.EnableBokehSettings:1      ; bokeh simulation when scattering]]
[2023.05.31-20.49.59:744][  0]LogConfig: Setting CVar [[r.DOF.Scatter.MaxSpriteRatio:0.1         ; only a maximum of 10% of scattered bokeh]]
[2023.05.31-20.49.59:744][  0]LogConfig: Setting CVar [[r.DOF.Recombine.Quality:1                ; cheap slight out of focus]]
[2023.05.31-20.49.59:744][  0]LogConfig: Setting CVar [[r.DOF.Recombine.EnableBokehSettings:0    ; no bokeh simulation on slight out of focus]]
[2023.05.31-20.49.59:744][  0]LogConfig: Setting CVar [[r.DOF.TemporalAAQuality:1                ; more stable temporal accumulation]]
[2023.05.31-20.49.59:744][  0]LogConfig: Setting CVar [[r.DOF.Kernel.MaxForegroundRadius:0.025]]
[2023.05.31-20.49.59:744][  0]LogConfig: Setting CVar [[r.DOF.Kernel.MaxBackgroundRadius:0.025]]
[2023.05.31-20.49.59:744][  0]LogConfig: Applying CVar settings from Section [TextureQuality@3] File [D:/UEStudy/ARL/UEARL/ARL/Saved/Config/Windows/Scalability.ini]
[2023.05.31-20.49.59:744][  0]LogConfig: Setting CVar [[r.Streaming.MipBias:0]]
[2023.05.31-20.49.59:744][  0]LogConfig: Setting CVar [[r.Streaming.AmortizeCPUToGPUCopy:0]]
[2023.05.31-20.49.59:744][  0]LogConfig: Setting CVar [[r.Streaming.MaxNumTexturesToStreamPerFrame:0]]
[2023.05.31-20.49.59:744][  0]LogConfig: Setting CVar [[r.Streaming.Boost:1]]
[2023.05.31-20.49.59:744][  0]LogConfig: Setting CVar [[r.MaxAnisotropy:8]]
[2023.05.31-20.49.59:744][  0]LogConfig: Setting CVar [[r.VT.MaxAnisotropy:8]]
[2023.05.31-20.49.59:744][  0]LogConfig: Setting CVar [[r.Streaming.LimitPoolSizeToVRAM:0]]
[2023.05.31-20.49.59:744][  0]LogConfig: Setting CVar [[r.Streaming.PoolSize:1000]]
[2023.05.31-20.49.59:744][  0]LogConfig: Setting CVar [[r.Streaming.MaxEffectiveScreenSize:0]]
[2023.05.31-20.49.59:744][  0]LogConfig: Applying CVar settings from Section [EffectsQuality@3] File [D:/UEStudy/ARL/UEARL/ARL/Saved/Config/Windows/Scalability.ini]
[2023.05.31-20.49.59:744][  0]LogConfig: Setting CVar [[r.TranslucencyLightingVolumeDim:64]]
[2023.05.31-20.49.59:744][  0]LogConfig: Setting CVar [[r.RefractionQuality:2]]
[2023.05.31-20.49.59:744][  0]LogConfig: Setting CVar [[r.SSR.Quality:3]]
[2023.05.31-20.49.59:744][  0]LogConfig: Setting CVar [[r.SSR.HalfResSceneColor:0]]
[2023.05.31-20.49.59:744][  0]LogConfig: Setting CVar [[r.SceneColorFormat:4]]
[2023.05.31-20.49.59:744][  0]LogConfig: Setting CVar [[r.DetailMode:2]]
[2023.05.31-20.49.59:744][  0]LogConfig: Setting CVar [[r.TranslucencyVolumeBlur:1]]
[2023.05.31-20.49.59:744][  0]LogConfig: Setting CVar [[r.MaterialQualityLevel:1 ; High quality]]
[2023.05.31-20.49.59:744][  0]LogConfig: Setting CVar [[r.AnisotropicMaterials:1]]
[2023.05.31-20.49.59:744][  0]LogConfig: Setting CVar [[r.SSS.Scale:1]]
[2023.05.31-20.49.59:744][  0]LogConfig: Setting CVar [[r.SSS.SampleSet:2]]
[2023.05.31-20.49.59:744][  0]LogConfig: Setting CVar [[r.SSS.Quality:1]]
[2023.05.31-20.49.59:744][  0]LogConfig: Setting CVar [[r.SSS.HalfRes:0]]
[2023.05.31-20.49.59:744][  0]LogConfig: Setting CVar [[r.SSGI.Quality:3]]
[2023.05.31-20.49.59:744][  0]LogConfig: Setting CVar [[r.EmitterSpawnRateScale:1.0]]
[2023.05.31-20.49.59:744][  0]LogConfig: Setting CVar [[r.ParticleLightQuality:2]]
[2023.05.31-20.49.59:744][  0]LogConfig: Setting CVar [[r.SkyAtmosphere.AerialPerspectiveLUT.FastApplyOnOpaque:1 ; Always have FastSkyLUT 1 in this case to avoid wrong sky]]
[2023.05.31-20.49.59:744][  0]LogConfig: Setting CVar [[r.SkyAtmosphere.AerialPerspectiveLUT.SampleCountMaxPerSlice:4]]
[2023.05.31-20.49.59:744][  0]LogConfig: Setting CVar [[r.SkyAtmosphere.AerialPerspectiveLUT.DepthResolution:16.0]]
[2023.05.31-20.49.59:744][  0]LogConfig: Setting CVar [[r.SkyAtmosphere.FastSkyLUT:1]]
[2023.05.31-20.49.59:744][  0]LogConfig: Setting CVar [[r.SkyAtmosphere.FastSkyLUT.SampleCountMin:4.0]]
[2023.05.31-20.49.59:744][  0]LogConfig: Setting CVar [[r.SkyAtmosphere.FastSkyLUT.SampleCountMax:128.0]]
[2023.05.31-20.49.59:744][  0]LogConfig: Setting CVar [[r.SkyAtmosphere.SampleCountMin:4.0]]
[2023.05.31-20.49.59:744][  0]LogConfig: Setting CVar [[r.SkyAtmosphere.SampleCountMax:128.0]]
[2023.05.31-20.49.59:744][  0]LogConfig: Setting CVar [[r.SkyAtmosphere.TransmittanceLUT.UseSmallFormat:0]]
[2023.05.31-20.49.59:744][  0]LogConfig: Setting CVar [[r.SkyAtmosphere.TransmittanceLUT.SampleCount:10.0]]
[2023.05.31-20.49.59:744][  0]LogConfig: Setting CVar [[r.SkyAtmosphere.MultiScatteringLUT.SampleCount:15.0]]
[2023.05.31-20.49.59:744][  0]LogConfig: Setting CVar [[r.SkyLight.RealTimeReflectionCapture:1]]
[2023.05.31-20.49.59:744][  0]LogConfig: Applying CVar settings from Section [FoliageQuality@3] File [D:/UEStudy/ARL/UEARL/ARL/Saved/Config/Windows/Scalability.ini]
[2023.05.31-20.49.59:744][  0]LogConfig: Setting CVar [[foliage.DensityScale:1.0]]
[2023.05.31-20.49.59:744][  0]LogConfig: Setting CVar [[grass.DensityScale:1.0]]
[2023.05.31-20.49.59:744][  0]LogConfig: Applying CVar settings from Section [ShadingQuality@3] File [D:/UEStudy/ARL/UEARL/ARL/Saved/Config/Windows/Scalability.ini]
[2023.05.31-20.49.59:744][  0]LogConfig: Setting CVar [[r.HairStrands.SkyLighting.IntegrationType:2]]
[2023.05.31-20.49.59:744][  0]LogConfig: Setting CVar [[r.HairStrands.SkyAO.SampleCount:4]]
[2023.05.31-20.49.59:744][  0]LogConfig: Setting CVar [[r.HairStrands.Visibility.MSAA.SamplePerPixel:4]]
[2023.05.31-20.49.59:745][  0]LogInit: Selected Device Profile: [Windows]
[2023.05.31-20.49.59:745][  0]LogInit: Applying CVar settings loaded from the selected device profile: [Windows]
[2023.05.31-20.49.59:745][  0]LogHAL: Display: Platform has ~ 8 GB [8465227776 / 8589934592 / 8], which maps to Default [LargestMinGB=32, LargerMinGB=12, DefaultMinGB=8, SmallerMinGB=6, SmallestMinGB=0)
[2023.05.31-20.49.59:745][  0]LogInit: Going up to parent DeviceProfile []
[2023.05.31-20.49.59:745][  0]LogConfig: Applying CVar settings from Section [ViewDistanceQuality@3] File [D:/UEStudy/ARL/UEARL/ARL/Saved/Config/Windows/Scalability.ini]
[2023.05.31-20.49.59:745][  0]LogConfig: Setting CVar [[r.SkeletalMeshLODBias:0]]
[2023.05.31-20.49.59:745][  0]LogConfig: Setting CVar [[r.ViewDistanceScale:1.0]]
[2023.05.31-20.49.59:745][  0]LogConfig: Applying CVar settings from Section [AntiAliasingQuality@3] File [D:/UEStudy/ARL/UEARL/ARL/Saved/Config/Windows/Scalability.ini]
[2023.05.31-20.49.59:745][  0]LogConfig: Setting CVar [[r.PostProcessAAQuality:4]]
[2023.05.31-20.49.59:745][  0]LogConfig: Applying CVar settings from Section [ShadowQuality@3] File [D:/UEStudy/ARL/UEARL/ARL/Saved/Config/Windows/Scalability.ini]
[2023.05.31-20.49.59:745][  0]LogConfig: Setting CVar [[r.LightFunctionQuality:1]]
[2023.05.31-20.49.59:745][  0]LogConfig: Setting CVar [[r.ShadowQuality:5]]
[2023.05.31-20.49.59:745][  0]LogConfig: Setting CVar [[r.Shadow.CSM.MaxCascades:10]]
[2023.05.31-20.49.59:745][  0]LogConfig: Setting CVar [[r.Shadow.MaxResolution:2048]]
[2023.05.31-20.49.59:745][  0]LogConfig: Setting CVar [[r.Shadow.MaxCSMResolution:2048]]
[2023.05.31-20.49.59:745][  0]LogConfig: Setting CVar [[r.Shadow.RadiusThreshold:0.01]]
[2023.05.31-20.49.59:745][  0]LogConfig: Setting CVar [[r.Shadow.DistanceScale:1.0]]
[2023.05.31-20.49.59:745][  0]LogConfig: Setting CVar [[r.Shadow.CSM.TransitionScale:1.0]]
[2023.05.31-20.49.59:745][  0]LogConfig: Setting CVar [[r.Shadow.PreShadowResolutionFactor:1.0]]
[2023.05.31-20.49.59:745][  0]LogConfig: Setting CVar [[r.DistanceFieldShadowing:1]]
[2023.05.31-20.49.59:745][  0]LogConfig: Setting CVar [[r.DistanceFieldAO:1]]
[2023.05.31-20.49.59:745][  0]LogConfig: Setting CVar [[r.AOQuality:2]]
[2023.05.31-20.49.59:745][  0]LogConfig: Setting CVar [[r.VolumetricFog:1]]
[2023.05.31-20.49.59:745][  0]LogConfig: Setting CVar [[r.VolumetricFog.GridPixelSize:8]]
[2023.05.31-20.49.59:745][  0]LogConfig: Setting CVar [[r.VolumetricFog.GridSizeZ:128]]
[2023.05.31-20.49.59:745][  0]LogConfig: Setting CVar [[r.VolumetricFog.HistoryMissSupersampleCount:4]]
[2023.05.31-20.49.59:745][  0]LogConfig: Setting CVar [[r.LightMaxDrawDistanceScale:1]]
[2023.05.31-20.49.59:745][  0]LogConfig: Setting CVar [[r.CapsuleShadows:1]]
[2023.05.31-20.49.59:745][  0]LogConfig: Applying CVar settings from Section [PostProcessQuality@3] File [D:/UEStudy/ARL/UEARL/ARL/Saved/Config/Windows/Scalability.ini]
[2023.05.31-20.49.59:745][  0]LogConfig: Setting CVar [[r.MotionBlurQuality:4]]
[2023.05.31-20.49.59:745][  0]LogConfig: Setting CVar [[r.AmbientOcclusionMipLevelFactor:0.4]]
[2023.05.31-20.49.59:745][  0]LogConfig: Setting CVar [[r.AmbientOcclusionMaxQuality:100]]
[2023.05.31-20.49.59:745][  0]LogConfig: Setting CVar [[r.AmbientOcclusionLevels:-1]]
[2023.05.31-20.49.59:745][  0]LogConfig: Setting CVar [[r.AmbientOcclusionRadiusScale:1.0]]
[2023.05.31-20.49.59:745][  0]LogConfig: Setting CVar [[r.DepthOfFieldQuality:2]]
[2023.05.31-20.49.59:745][  0]LogConfig: Setting CVar [[r.RenderTargetPoolMin:400]]
[2023.05.31-20.49.59:745][  0]LogConfig: Setting CVar [[r.LensFlareQuality:2]]
[2023.05.31-20.49.59:745][  0]LogConfig: Setting CVar [[r.SceneColorFringeQuality:1]]
[2023.05.31-20.49.59:745][  0]LogConfig: Setting CVar [[r.EyeAdaptationQuality:2]]
[2023.05.31-20.49.59:745][  0]LogConfig: Setting CVar [[r.BloomQuality:5]]
[2023.05.31-20.49.59:745][  0]LogConfig: Setting CVar [[r.FastBlurThreshold:100]]
[2023.05.31-20.49.59:745][  0]LogConfig: Setting CVar [[r.Upscale.Quality:3]]
[2023.05.31-20.49.59:745][  0]LogConfig: Setting CVar [[r.Tonemapper.GrainQuantization:1]]
[2023.05.31-20.49.59:745][  0]LogConfig: Setting CVar [[r.LightShaftQuality:1]]
[2023.05.31-20.49.59:745][  0]LogConfig: Setting CVar [[r.Filter.SizeScale:1]]
[2023.05.31-20.49.59:745][  0]LogConfig: Setting CVar [[r.Tonemapper.Quality:5]]
[2023.05.31-20.49.59:745][  0]LogConfig: Setting CVar [[r.DOF.Gather.AccumulatorQuality:1        ; higher gathering accumulator quality]]
[2023.05.31-20.49.59:745][  0]LogConfig: Setting CVar [[r.DOF.Gather.PostfilterMethod:1          ; Median3x3 postfilering method]]
[2023.05.31-20.49.59:745][  0]LogConfig: Setting CVar [[r.DOF.Gather.EnableBokehSettings:0       ; no bokeh simulation when gathering]]
[2023.05.31-20.49.59:745][  0]LogConfig: Setting CVar [[r.DOF.Gather.RingCount:4                 ; medium number of samples when gathering]]
[2023.05.31-20.49.59:745][  0]LogConfig: Setting CVar [[r.DOF.Scatter.ForegroundCompositing:1    ; additive foreground scattering]]
[2023.05.31-20.49.59:745][  0]LogConfig: Setting CVar [[r.DOF.Scatter.BackgroundCompositing:2    ; additive background scattering]]
[2023.05.31-20.49.59:745][  0]LogConfig: Setting CVar [[r.DOF.Scatter.EnableBokehSettings:1      ; bokeh simulation when scattering]]
[2023.05.31-20.49.59:745][  0]LogConfig: Setting CVar [[r.DOF.Scatter.MaxSpriteRatio:0.1         ; only a maximum of 10% of scattered bokeh]]
[2023.05.31-20.49.59:745][  0]LogConfig: Setting CVar [[r.DOF.Recombine.Quality:1                ; cheap slight out of focus]]
[2023.05.31-20.49.59:745][  0]LogConfig: Setting CVar [[r.DOF.Recombine.EnableBokehSettings:0    ; no bokeh simulation on slight out of focus]]
[2023.05.31-20.49.59:745][  0]LogConfig: Setting CVar [[r.DOF.TemporalAAQuality:1                ; more stable temporal accumulation]]
[2023.05.31-20.49.59:745][  0]LogConfig: Setting CVar [[r.DOF.Kernel.MaxForegroundRadius:0.025]]
[2023.05.31-20.49.59:745][  0]LogConfig: Setting CVar [[r.DOF.Kernel.MaxBackgroundRadius:0.025]]
[2023.05.31-20.49.59:745][  0]LogConfig: Applying CVar settings from Section [TextureQuality@3] File [D:/UEStudy/ARL/UEARL/ARL/Saved/Config/Windows/Scalability.ini]
[2023.05.31-20.49.59:745][  0]LogConfig: Setting CVar [[r.Streaming.MipBias:0]]
[2023.05.31-20.49.59:745][  0]LogConfig: Setting CVar [[r.Streaming.AmortizeCPUToGPUCopy:0]]
[2023.05.31-20.49.59:745][  0]LogConfig: Setting CVar [[r.Streaming.MaxNumTexturesToStreamPerFrame:0]]
[2023.05.31-20.49.59:745][  0]LogConfig: Setting CVar [[r.Streaming.Boost:1]]
[2023.05.31-20.49.59:745][  0]LogConfig: Setting CVar [[r.MaxAnisotropy:8]]
[2023.05.31-20.49.59:745][  0]LogConfig: Setting CVar [[r.VT.MaxAnisotropy:8]]
[2023.05.31-20.49.59:746][  0]LogConfig: Setting CVar [[r.Streaming.LimitPoolSizeToVRAM:0]]
[2023.05.31-20.49.59:746][  0]LogConfig: Setting CVar [[r.Streaming.PoolSize:1000]]
[2023.05.31-20.49.59:746][  0]LogConfig: Setting CVar [[r.Streaming.MaxEffectiveScreenSize:0]]
[2023.05.31-20.49.59:746][  0]LogConfig: Applying CVar settings from Section [EffectsQuality@3] File [D:/UEStudy/ARL/UEARL/ARL/Saved/Config/Windows/Scalability.ini]
[2023.05.31-20.49.59:746][  0]LogConfig: Setting CVar [[r.TranslucencyLightingVolumeDim:64]]
[2023.05.31-20.49.59:746][  0]LogConfig: Setting CVar [[r.RefractionQuality:2]]
[2023.05.31-20.49.59:746][  0]LogConfig: Setting CVar [[r.SSR.Quality:3]]
[2023.05.31-20.49.59:746][  0]LogConfig: Setting CVar [[r.SSR.HalfResSceneColor:0]]
[2023.05.31-20.49.59:746][  0]LogConfig: Setting CVar [[r.SceneColorFormat:4]]
[2023.05.31-20.49.59:746][  0]LogConfig: Setting CVar [[r.DetailMode:2]]
[2023.05.31-20.49.59:746][  0]LogConfig: Setting CVar [[r.TranslucencyVolumeBlur:1]]
[2023.05.31-20.49.59:746][  0]LogConfig: Setting CVar [[r.MaterialQualityLevel:1 ; High quality]]
[2023.05.31-20.49.59:746][  0]LogConfig: Setting CVar [[r.AnisotropicMaterials:1]]
[2023.05.31-20.49.59:746][  0]LogConfig: Setting CVar [[r.SSS.Scale:1]]
[2023.05.31-20.49.59:746][  0]LogConfig: Setting CVar [[r.SSS.SampleSet:2]]
[2023.05.31-20.49.59:746][  0]LogConfig: Setting CVar [[r.SSS.Quality:1]]
[2023.05.31-20.49.59:746][  0]LogConfig: Setting CVar [[r.SSS.HalfRes:0]]
[2023.05.31-20.49.59:746][  0]LogConfig: Setting CVar [[r.SSGI.Quality:3]]
[2023.05.31-20.49.59:746][  0]LogConfig: Setting CVar [[r.EmitterSpawnRateScale:1.0]]
[2023.05.31-20.49.59:746][  0]LogConfig: Setting CVar [[r.ParticleLightQuality:2]]
[2023.05.31-20.49.59:746][  0]LogConfig: Setting CVar [[r.SkyAtmosphere.AerialPerspectiveLUT.FastApplyOnOpaque:1 ; Always have FastSkyLUT 1 in this case to avoid wrong sky]]
[2023.05.31-20.49.59:746][  0]LogConfig: Setting CVar [[r.SkyAtmosphere.AerialPerspectiveLUT.SampleCountMaxPerSlice:4]]
[2023.05.31-20.49.59:746][  0]LogConfig: Setting CVar [[r.SkyAtmosphere.AerialPerspectiveLUT.DepthResolution:16.0]]
[2023.05.31-20.49.59:746][  0]LogConfig: Setting CVar [[r.SkyAtmosphere.FastSkyLUT:1]]
[2023.05.31-20.49.59:746][  0]LogConfig: Setting CVar [[r.SkyAtmosphere.FastSkyLUT.SampleCountMin:4.0]]
[2023.05.31-20.49.59:746][  0]LogConfig: Setting CVar [[r.SkyAtmosphere.FastSkyLUT.SampleCountMax:128.0]]
[2023.05.31-20.49.59:747][  0]LogConfig: Setting CVar [[r.SkyAtmosphere.SampleCountMin:4.0]]
[2023.05.31-20.49.59:747][  0]LogConfig: Setting CVar [[r.SkyAtmosphere.SampleCountMax:128.0]]
[2023.05.31-20.49.59:747][  0]LogConfig: Setting CVar [[r.SkyAtmosphere.TransmittanceLUT.UseSmallFormat:0]]
[2023.05.31-20.49.59:747][  0]LogConfig: Setting CVar [[r.SkyAtmosphere.TransmittanceLUT.SampleCount:10.0]]
[2023.05.31-20.49.59:747][  0]LogConfig: Setting CVar [[r.SkyAtmosphere.MultiScatteringLUT.SampleCount:15.0]]
[2023.05.31-20.49.59:747][  0]LogConfig: Setting CVar [[r.SkyLight.RealTimeReflectionCapture:1]]
[2023.05.31-20.49.59:747][  0]LogConfig: Applying CVar settings from Section [FoliageQuality@3] File [D:/UEStudy/ARL/UEARL/ARL/Saved/Config/Windows/Scalability.ini]
[2023.05.31-20.49.59:747][  0]LogConfig: Setting CVar [[foliage.DensityScale:1.0]]
[2023.05.31-20.49.59:747][  0]LogConfig: Setting CVar [[grass.DensityScale:1.0]]
[2023.05.31-20.49.59:747][  0]LogConfig: Applying CVar settings from Section [ShadingQuality@3] File [D:/UEStudy/ARL/UEARL/ARL/Saved/Config/Windows/Scalability.ini]
[2023.05.31-20.49.59:747][  0]LogConfig: Setting CVar [[r.HairStrands.SkyLighting.IntegrationType:2]]
[2023.05.31-20.49.59:747][  0]LogConfig: Setting CVar [[r.HairStrands.SkyAO.SampleCount:4]]
[2023.05.31-20.49.59:747][  0]LogConfig: Setting CVar [[r.HairStrands.Visibility.MSAA.SamplePerPixel:4]]
[2023.05.31-20.49.59:747][  0]LogConfig: Applying CVar settings from Section [Startup] File [../../../Engine/Config/ConsoleVariables.ini]
[2023.05.31-20.49.59:789][  0]LogConfig: Setting CVar [[net.UseAdaptiveNetUpdateFrequency:0]]
[2023.05.31-20.49.59:789][  0]LogConfig: Setting CVar [[p.chaos.AllowCreatePhysxBodies:1]]
[2023.05.31-20.49.59:789][  0]LogConfig: Setting CVar [[fx.SkipVectorVMBackendOptimizations:1]]
[2023.05.31-20.49.59:789][  0]LogConfig: Applying CVar settings from Section [ConsoleVariables] File [D:/UEStudy/ARL/UEARL/ARL/Saved/Config/Windows/Engine.ini]
[2023.05.31-20.49.59:789][  0]LogConfig: Applying CVar settings from Section [ConsoleVariables] File [D:/UEStudy/ARL/UEARL/ARL/Saved/Config/Windows/Editor.ini]
[2023.05.31-20.49.59:789][  0]LogInit: Computer: DESKTOP-MVRITES
[2023.05.31-20.49.59:789][  0]LogInit: User: 19159
[2023.05.31-20.49.59:789][  0]LogInit: CPU Page size=4096, Cores=4
[2023.05.31-20.49.59:789][  0]LogInit: High frequency timer resolution =10.000000 MHz
[2023.05.31-20.49.59:789][  0]LogMemory: Memory total: Physical=7.9GB (8GB approx)
[2023.05.31-20.49.59:789][  0]LogMemory: Platform Memory Stats for Windows
[2023.05.31-20.49.59:789][  0]LogMemory: Process Physical Memory: 164.00 MB used, 164.01 MB peak
[2023.05.31-20.49.59:789][  0]LogMemory: Process Virtual Memory: 131.23 MB used, 131.23 MB peak
[2023.05.31-20.49.59:789][  0]LogMemory: Physical Memory: 4805.66 MB used,  3267.41 MB free, 8073.07 MB total
[2023.05.31-20.49.59:789][  0]LogMemory: Virtual Memory: 134214056.00 MB used,  3674.92 MB free, 134217728.00 MB total
[2023.05.31-20.49.59:807][  0]LogWindows: WindowsPlatformFeatures enabled
[2023.05.31-20.50.01:883][  0]LogInit: Physics initialised using underlying interface: PhysX
[2023.05.31-20.50.01:946][  0]LogInit: Overriding language with editor language configuration option (en).
[2023.05.31-20.50.01:946][  0]LogInit: Overriding language with editor locale configuration option (en).
[2023.05.31-20.50.05:658][  0]LogInit: Setting process to per monitor DPI aware
[2023.05.31-20.50.06:055][  0]LogWindowsTextInputMethodSystem: Display: IME system deactivated.
[2023.05.31-20.50.06:515][  0]LogSlate: New Slate User Created.  User Index 0, Is Virtual User: 0
[2023.05.31-20.50.06:515][  0]LogSlate: Slate User Registered.  User Index 0, Is Virtual User: 0
[2023.05.31-20.50.08:506][  0]LogD3D11RHI: Loaded GFSDK_Aftermath_Lib.x64.dll
[2023.05.31-20.50.08:583][  0]LogHMD: Failed to initialize OpenVR with code 110
[2023.05.31-20.50.08:583][  0]LogD3D11RHI: D3D11 min allowed feature level: 11_0
[2023.05.31-20.50.08:583][  0]LogD3D11RHI: D3D11 max allowed feature level: 11_0
[2023.05.31-20.50.08:583][  0]LogD3D11RHI: D3D11 adapters:
[2023.05.31-20.50.08:747][  0]LogD3D11RHI:    0. 'NVIDIA GeForce GTX 1050' (Feature Level 11_0)
[2023.05.31-20.50.08:747][  0]LogD3D11RHI:       4021/0/4036 MB DedicatedVideo/DedicatedSystem/SharedSystem, Outputs:1, VendorId:0x10de
[2023.05.31-20.50.08:931][  0]LogD3D11RHI:    1. 'Intel(R) HD Graphics 630' (Feature Level 11_0)
[2023.05.31-20.50.08:931][  0]LogD3D11RHI:       128/0/4036 MB DedicatedVideo/DedicatedSystem/SharedSystem, Outputs:0, VendorId:0x8086
[2023.05.31-20.50.08:937][  0]LogD3D11RHI:    2. 'Microsoft Basic Render Driver' (Feature Level 11_0)
[2023.05.31-20.50.08:937][  0]LogD3D11RHI:       0/0/4036 MB DedicatedVideo/DedicatedSystem/SharedSystem, Outputs:0, VendorId:0x1414
[2023.05.31-20.50.08:937][  0]LogD3D11RHI: Chosen D3D11 Adapter:
[2023.05.31-20.50.08:937][  0]LogD3D11RHI:     Description : NVIDIA GeForce GTX 1050
[2023.05.31-20.50.08:937][  0]LogD3D11RHI:     VendorId    : 10de
[2023.05.31-20.50.08:937][  0]LogD3D11RHI:     DeviceId    : 1c8d
[2023.05.31-20.50.08:937][  0]LogD3D11RHI:     SubSysId    : 15e01043
[2023.05.31-20.50.08:937][  0]LogD3D11RHI:     Revision    : 00a1
[2023.05.31-20.50.08:937][  0]LogD3D11RHI:     DedicatedVideoMemory : 4216324096 bytes
[2023.05.31-20.50.08:937][  0]LogD3D11RHI:     DedicatedSystemMemory : 0 bytes
[2023.05.31-20.50.08:937][  0]LogD3D11RHI:     SharedSystemMemory : 4232613888 bytes
[2023.05.31-20.50.08:937][  0]LogD3D11RHI:     AdapterLuid : 0 66162
[2023.05.31-20.50.08:942][  0]LogD3D11RHI: Creating new Direct3DDevice
[2023.05.31-20.50.08:942][  0]LogD3D11RHI:     GPU DeviceId: 0x1c8d (for the marketing name, search the web for "GPU Device Id")
[2023.05.31-20.50.08:942][  0]LogWindows: EnumDisplayDevices:
[2023.05.31-20.50.08:942][  0]LogWindows:    0. 'Intel(R) HD Graphics 630' (P:1 D:1)
[2023.05.31-20.50.08:943][  0]LogWindows:    1. 'Intel(R) HD Graphics 630' (P:0 D:0)
[2023.05.31-20.50.08:944][  0]LogWindows:    2. 'Intel(R) HD Graphics 630' (P:0 D:0)
[2023.05.31-20.50.08:945][  0]LogWindows: DebugString: PrimaryIsNotTheChoosenAdapter PrimaryIsNotTheChoosenAdapter PrimaryIsNotTheChoosenAdapter FoundDriverCount:0 
[2023.05.31-20.50.08:945][  0]LogD3D11RHI:     Adapter Name: NVIDIA GeForce GTX 1050
[2023.05.31-20.50.08:945][  0]LogD3D11RHI:   Driver Version: Unknown (internal:Unknown, unified:Unknown)
[2023.05.31-20.50.08:945][  0]LogD3D11RHI:      Driver Date: Unknown
[2023.05.31-20.50.08:945][  0]LogRHI: Texture pool is 2814 MB (70% of 4021 MB)
[2023.05.31-20.50.08:945][  0]LogD3D11RHI: Creating D3DDevice using adapter:
[2023.05.31-20.50.08:945][  0]LogD3D11RHI:     Description : NVIDIA GeForce GTX 1050
[2023.05.31-20.50.08:945][  0]LogD3D11RHI:     VendorId    : 10de
[2023.05.31-20.50.08:945][  0]LogD3D11RHI:     DeviceId    : 1c8d
[2023.05.31-20.50.08:945][  0]LogD3D11RHI:     SubSysId    : 15e01043
[2023.05.31-20.50.08:945][  0]LogD3D11RHI:     Revision    : 00a1
[2023.05.31-20.50.08:945][  0]LogD3D11RHI:     DedicatedVideoMemory : 4216324096 bytes
[2023.05.31-20.50.08:945][  0]LogD3D11RHI:     DedicatedSystemMemory : 0 bytes
[2023.05.31-20.50.08:945][  0]LogD3D11RHI:     SharedSystemMemory : 4232613888 bytes
[2023.05.31-20.50.08:945][  0]LogD3D11RHI:     AdapterLuid : 0 66162
[2023.05.31-20.50.09:020][  0]LogD3D11RHI: RHI has support for 64 bit atomics
[2023.05.31-20.50.09:020][  0]LogD3D11RHI: Async texture creation enabled
[2023.05.31-20.50.09:020][  0]LogD3D11RHI: Array index from any shader is supported
[2023.05.31-20.50.09:037][  0]LogD3D11RHI: GPU Timing Frequency: 1000.000000 (Debug: 2 1)
[2023.05.31-20.50.09:737][  0]LogRHI: GeForceNow SDK initialized: 1
[2023.05.31-20.50.10:625][  0]LogTargetPlatformManager: Display: Loaded TargetPlatform 'AllDesktop'
[2023.05.31-20.50.11:122][  0]LogTargetPlatformManager: Display: Loaded TargetPlatform 'Android'
[2023.05.31-20.50.11:122][  0]LogTargetPlatformManager: Display: Loaded TargetPlatform 'Android_ASTC'
[2023.05.31-20.50.11:122][  0]LogTargetPlatformManager: Display: Loaded TargetPlatform 'Android_DXT'
[2023.05.31-20.50.11:122][  0]LogTargetPlatformManager: Display: Loaded TargetPlatform 'Android_ETC2'
[2023.05.31-20.50.11:122][  0]LogTargetPlatformManager: Display: Loaded TargetPlatform 'AndroidClient'
[2023.05.31-20.50.11:122][  0]LogTargetPlatformManager: Display: Loaded TargetPlatform 'Android_ASTCClient'
[2023.05.31-20.50.11:122][  0]LogTargetPlatformManager: Display: Loaded TargetPlatform 'Android_DXTClient'
[2023.05.31-20.50.11:122][  0]LogTargetPlatformManager: Display: Loaded TargetPlatform 'Android_ETC2Client'
[2023.05.31-20.50.11:122][  0]LogTargetPlatformManager: Display: Loaded TargetPlatform 'Android_Multi'
[2023.05.31-20.50.11:122][  0]LogTargetPlatformManager: Display: Loaded TargetPlatform 'Android_MultiClient'
[2023.05.31-20.50.11:981][  0]LogTargetPlatformManager: Display: Loaded TargetPlatform 'IOSClient'
[2023.05.31-20.50.11:981][  0]LogTargetPlatformManager: Display: Loaded TargetPlatform 'IOS'
[2023.05.31-20.50.12:196][  0]LogTargetPlatformManager: Display: Loaded TargetPlatform 'Linux'
[2023.05.31-20.50.12:460][  0]LogTargetPlatformManager: Display: Loaded TargetPlatform 'LinuxNoEditor'
[2023.05.31-20.50.12:513][  0]LogTargetPlatformManager: Display: Loaded TargetPlatform 'LinuxClient'
[2023.05.31-20.50.12:526][  0]LogTargetPlatformManager: Display: Loaded TargetPlatform 'LinuxServer'
[2023.05.31-20.50.12:561][  0]LogTargetPlatformManager: Display: Loaded TargetPlatform 'LinuxAArch64NoEditor'
[2023.05.31-20.50.12:635][  0]LogTargetPlatformManager: Display: Loaded TargetPlatform 'LinuxAArch64Client'
[2023.05.31-20.50.12:877][  0]LogTargetPlatformManager: Display: Loaded TargetPlatform 'LinuxAArch64Server'
[2023.05.31-20.50.13:008][  0]LogTargetPlatformManager: Display: Loaded TargetPlatform 'Lumin'
[2023.05.31-20.50.13:008][  0]LogTargetPlatformManager: Display: Loaded TargetPlatform 'LuminClient'
[2023.05.31-20.50.13:162][  0]LogTargetPlatformManager: Display: Loaded TargetPlatform 'MacNoEditor'
[2023.05.31-20.50.13:403][  0]LogTargetPlatformManager: Display: Loaded TargetPlatform 'Mac'
[2023.05.31-20.50.13:411][  0]LogTargetPlatformManager: Display: Loaded TargetPlatform 'MacClient'
[2023.05.31-20.50.13:419][  0]LogTargetPlatformManager: Display: Loaded TargetPlatform 'MacServer'
[2023.05.31-20.50.13:487][  0]LogTargetPlatformManager: Display: Loaded TargetPlatform 'TVOSClient'
[2023.05.31-20.50.13:487][  0]LogTargetPlatformManager: Display: Loaded TargetPlatform 'TVOS'
[2023.05.31-20.50.13:538][  0]LogTargetPlatformManager: Display: Loaded TargetPlatform 'WindowsNoEditor'
[2023.05.31-20.50.13:753][  0]LogTargetPlatformManager: Display: Loaded TargetPlatform 'Windows'
[2023.05.31-20.50.13:762][  0]LogTargetPlatformManager: Display: Loaded TargetPlatform 'WindowsClient'
[2023.05.31-20.50.13:797][  0]LogTargetPlatformManager: Display: Loaded TargetPlatform 'WindowsServer'
[2023.05.31-20.50.13:797][  0]LogTargetPlatformManager: Display: Building Assets For Windows
[2023.05.31-20.50.14:224][  0]LogAudioDebug: Display: Lib vorbis DLL was dynamically loaded.
[2023.05.31-20.50.15:484][  0]LogTextureFormatOodle: Display: Oodle Texture 2.9.0 init RDO Off
[2023.05.31-20.50.16:924][  0]LogRendererCore: Ray tracing is disabled. Reason: r.RayTracing=0.
[2023.05.31-20.50.16:924][  0]LogShaderCompilers: Guid format shader working directory is 21 characters bigger than the processId version (D:/UEStudy/ARL/UEARL/ARL/Intermediate/Shaders/WorkingDirectory/14412/).
[2023.05.31-20.50.16:925][  0]LogShaderCompilers: Cleaned the shader compiler working directory 'C:/Users/19159/AppData/Local/Temp/UnrealShaderWorkingDir/0D28345948BB990638D80DBCD42F10E3/'.
[2023.05.31-20.50.16:949][  0]LogXGEController: Cannot use XGE Controller as Incredibuild is not installed on this machine.
[2023.05.31-20.50.16:950][  0]LogShaderCompilers: Cannot use XGE Shader Compiler as Incredibuild is not installed on this machine.
[2023.05.31-20.50.16:950][  0]LogShaderCompilers: Display: Using Local Shader Compiler.
[2023.05.31-20.50.28:754][  0]LogDerivedDataCache: Display: Max Cache Size: 512 MB
[2023.05.31-20.50.29:024][  0]LogDerivedDataCache: Loaded boot cache 0.27s 95MB C:/Users/19159/AppData/Local/UnrealEngine/4.27/DerivedDataCache/Boot.ddc.
[2023.05.31-20.50.29:024][  0]LogDerivedDataCache: Display: Loaded Boot cache: C:/Users/19159/AppData/Local/UnrealEngine/4.27/DerivedDataCache/Boot.ddc
[2023.05.31-20.50.29:024][  0]LogDerivedDataCache: FDerivedDataBackendGraph:  Pak pak cache file D:/UEStudy/ARL/UEARL/ARL/DerivedDataCache/DDC.ddp not found, will not use a pak cache.
[2023.05.31-20.50.29:024][  0]LogDerivedDataCache: Unable to find inner node Pak for hierarchical cache Hierarchy.
[2023.05.31-20.50.29:024][  0]LogDerivedDataCache: FDerivedDataBackendGraph:  CompressedPak pak cache file D:/UEStudy/ARL/UEARL/ARL/DerivedDataCache/Compressed.ddp not found, will not use a pak cache.
[2023.05.31-20.50.29:024][  0]LogDerivedDataCache: Unable to find inner node CompressedPak for hierarchical cache Hierarchy.
[2023.05.31-20.50.29:044][  0]LogDerivedDataCache: Display: Pak cache opened for reading ../../../Engine/DerivedDataCache/Compressed.ddp.
[2023.05.31-20.50.29:044][  0]LogDerivedDataCache: FDerivedDataBackendGraph:  EnterprisePak pak cache file ../../../Enterprise/DerivedDataCache/Compressed.ddp not found, will not use a pak cache.
[2023.05.31-20.50.29:044][  0]LogDerivedDataCache: Unable to find inner node EnterprisePak for hierarchical cache Hierarchy.
[2023.05.31-20.50.29:069][  0]LogDerivedDataCache: Speed tests for C:/Users/19159/AppData/Local/UnrealEngine/Common/DerivedDataCache took 0.02 seconds
[2023.05.31-20.50.29:069][  0]LogDerivedDataCache: Display: Performance to C:/Users/19159/AppData/Local/UnrealEngine/Common/DerivedDataCache: Latency=0.17ms. RandomReadSpeed=100.98MBs, RandomWriteSpeed=67.84MBs. Assigned SpeedClass 'Local'
[2023.05.31-20.50.29:070][  0]LogDerivedDataCache: Using Local data cache path C:/Users/19159/AppData/Local/UnrealEngine/Common/DerivedDataCache: Writable
[2023.05.31-20.50.29:070][  0]LogDerivedDataCache: Shared data cache path not found in *engine.ini, will not use an Shared cache.
[2023.05.31-20.50.29:070][  0]LogDerivedDataCache: Unable to find inner node Shared for hierarchical cache Hierarchy.
[2023.05.31-20.50.29:125][  0]LogSlate: Using FreeType 2.10.0
[2023.05.31-20.50.29:437][  0]LogSlate: SlateFontServices - WITH_FREETYPE: 1, WITH_HARFBUZZ: 1
[2023.05.31-20.50.32:238][  0]LogAssetRegistry: FAssetRegistry took 0.0036 seconds to start up
[2023.05.31-20.50.33:030][  0]LogInit: Selected Device Profile: [Windows]
[2023.05.31-20.50.33:030][  0]LogInit: Active device profile: [0000015F417A2E00][0000015F320AB440 49] Windows
[2023.05.31-20.50.33:030][  0]LogInit: Profiles: [0000015F417A2E00][0000015F320AB440 49] Windows, [0000015F41714100][0000015F320B35C0 49] WindowsNoEditor, [0000015F41704500][0000015F320B7740 49] WindowsServer, [0000015F41714700][0000015F3477B8C0 49] WindowsClient, [0000015F41707D00][0000015F3477FA40 49] IOS, [0000015F41717D00][0000015F34783BC0 49] iPadAir, [0000015F41704400][0000015F347861C0 49] iPadAir2, [0000015F416BD300][0000015F3478E480 49] IPadPro, [0000015F416BD400][0000015F3478A4C0 49] iPadAir3, [0000015F41707E00][0000015F320AE600 49] iPadAir4, [0000015F416BC600][0000015F34792740 49] iPadMini2, [0000015F41704100][0000015F34796880 49] iPadMini3, [0000015F416BD700][0000015F3479A9C0 49] iPadMini4, [0000015F41707B00][0000015F347A2B40 49] iPadMini5, [0000015F41715400][0000015F41B32E00 49] iPhone6, [0000015F41715500][0000015F41B2EE40 49] iPodTouch6, [0000015F416BFC00][0000015F41B3B100 49] iPhone7, [0000015F416BFB00][0000015F41B37140 49] iPodTouch7, [0000015F41714900][0000015F41B3F2C0 49] iPhone5S, [0000015F416BCB00][0000015F41B43440 49] iPhone6Plus, [0000015F41715900][0000015F41B475C0 49] iPhone6S, [0000015F416BF900][0000015F41B4B740 49] iPhone6SPlus, [0000015F41714C00][0000015F41B4F8C0 49] iPhone7Plus, [0000015F416BCE00][0000015F41B53A40 49] iPhoneSE, [0000015F41715B00][0000015F41B57BC0 49] iPhone8, [0000015F416BF700][0000015F41B5A1C0 49] iPhone8Plus, [0000015F41714300][0000015F41B5E340 49] iPhoneX, [0000015F416BC200][0000015F41B624C0 49] iPhoneXS, [0000015F41715F00][0000015F41B66640 49] iPhoneXSMax, [0000015F416BF200][0000015F3479E780 49] iPhoneXR, [0000015F41717A00][0000015F41B6A8C0 49] iPhone11, [0000015F416BDA00][0000015F41B6EA00 49] iPhone11Pro, [0000015F41716300][0000015F41B72B40 49] iPhone11ProMax, [0000015F416BEE00][0000015F41B7ACC0 49] iPhoneSE2, [0000015F41717C00][0000015F41B7EE40 49] iPhone12Mini, [0000015F416BDB00][0000015F41B82FC0 49] iPhone12, [0000015F41716700][0000015F41B87140 49] iPhone12Pro, [0000015F416BC400][0000015F41B8B2C0 49] iPhone12ProMax, [0000015F41715C00][0000015F41B8F440 49] iPadPro105, [0000015F416BE000][0000015F41B935C0 49] iPadPro129, [0000015F41715000][0000015F41B97740 49] iPadPro97, [0000015F416BD000][0000015F41B9B8C0 49] iPadPro2_129, [0000015F41716E00][0000015F41B9FA40 49] iPad5, [0000015F416BFD00][0000015F41BA3BC0 49] iPad6, [0000015F41715200][0000015F41BA61C0 49] iPad7, [0000015F416BC800][0000015F41BAA340 49] iPad8, [0000015F41716C00][0000015F41BAE4C0 49] iPadPro11, [0000015F416BE300][0000015F41BB2640 49] iPadPro2_11, [0000015F41716A00][0000015F41BB67C0 49] iPadPro3_129, [0000015F416BE700][0000015F41BBA940 49] iPadPro4_129, [0000015F41717000][0000015F41B76A80 49] AppleTV, [0000015F416BE600][0000015F41BBEBC0 49] AppleTV4K, [0000015F41715700][0000015F41BC2D00 49] TVOS, [0000015F416BF500][0000015F41BCAE80 49] Mac, [0000015F41716800][0000015F41BCF000 49] MacClient, [0000015F416BEF00][0000015F41BD3180 49] MacNoEditor, [0000015F41714E00][0000015F41BD7300 49] MacServer, [0000015F416BD100][0000015F41BDB480 49] Linux, [0000015F41715800][0000015F41BDF600 49] LinuxAArch64, [0000015F416BFA00][0000015F41BE3780 49] LinuxNoEditor, [0000015F41714800][0000015F41BE7900 49] LinuxAArch64NoEditor, [0000015F416BFE00][0000015F41BEBA80 49] LinuxClient, [0000015F41716D00][0000015F41BEFC00 49] LinuxAArch64Client, [0000015F416BDD00][0000015F41BF2200 49] LinuxServer, [0000015F41716000][0000015F41BF6380 49] LinuxAArch64Server, [0000015F416BEA00][0000015F41BFA500 49] Android, [0000015F41717300][0000015F41BFE680 49] Android_Low, [0000015F416BE500][0000015F41C02800 49] Android_Mid, [0000015F41717900][0000015F41C06980 49] Android_High, [0000015F416BF000][0000015F41C0AB00 49] Android_Default, [0000015F41714D00][0000015F41BC6C40 49] Android_Adreno4xx, [0000015F41704600][0000015F41C0ED80 49] Android_Adreno5xx_Low, [0000015F417A2500][0000015F41C12EC0 49] Android_Adreno5xx, [0000015F41706600][0000015F41C1B040 49] Android_Adreno6xx, [0000015F417A1400][0000015F41C1F1C0 49] Android_Adreno6xx_Vulkan, [0000015F41707600][0000015F41C23340 49] Android_Mali_T6xx, [0000015F417A0100][0000015F41C274C0 49] Android_Mali_T7xx, [0000015F41706C00][0000015F41C2B640 49] Android_Mali_T8xx, [0000015F417A2600][0000015F41C2F7C0 49] Android_Mali_G71, [0000015F41705A00][0000015F41C33940 49] Android_Mali_G72, [0000015F417A0A00][0000015F41C37AC0 49] Android_Mali_G72_Vulkan, [0000015F41706B00][0000015F41C3A0C0 49] Android_Mali_G76, [0000015F417A1D00][0000015F41C3E240 49] Android_Mali_G76_Vulkan, [0000015F41704A00][0000015F41C423C0 49] Android_Mali_G77, [0000015F417A0D00][0000015F41C46540 49] Android_Mali_G77_Vulkan, [0000015F41704200][0000015F41C4A6C0 49] Android_Mali_G78, [0000015F417A1E00][0000015F41C4E840 49] Android_Mali_G78_Vulkan, [0000015F41705000][0000015F41C529C0 49] Android_Mali_G710, [0000015F417A2900][0000015F41C56B40 49] Android_Mali_G710_Vulkan, [0000015F41705D00][0000015F41C5ACC0 49] Android_Vulkan_SM5, [0000015F417A0300][0000015F41C16E00 49] Android_PowerVR_G6xxx, [0000015F41705B00][0000015F41C5EF40 49] Android_PowerVR_GT7xxx, [0000015F417A1900][0000015F41C63080 49] Android_PowerVR_GE8xxx, [0000015F41704C00][0000015F41C671C0 49] Android_PowerVR_GM9xxx, [0000015F417A1B00][0000015F41C6F340 49] Android_PowerVR_GM9xxx_Vulkan, [0000015F41717F00][0000015F41C734C0 49] Android_TegraK1, [0000015F417A2A00][0000015F41C77640 49] Android_Unknown_Vulkan, [0000015F41716B00][0000015F41C7B7C0 49] Lumin, [0000015F417A1200][0000015F41C7F940 49] Lumin_Desktop, [0000015F41716200][0000015F41C83AC0 49] HoloLens, 
[2023.05.31-20.50.36:580][  0]LogMeshReduction: Using QuadricMeshReduction for automatic static mesh reduction
[2023.05.31-20.50.36:580][  0]LogMeshReduction: Using SimplygonMeshReduction for automatic skeletal mesh reduction
[2023.05.31-20.50.36:580][  0]LogMeshReduction: Using ProxyLODMeshReduction for automatic mesh merging
[2023.05.31-20.50.36:580][  0]LogMeshReduction: No distributed automatic mesh merging module available
[2023.05.31-20.50.36:580][  0]LogMeshMerging: No distributed automatic mesh merging module available
[2023.05.31-20.50.37:541][  0]LogNetVersion: ARL 1.0.0, NetCL: 17155196, EngineNetVer: 17, GameNetVer: 0 (Checksum: 144070876)
[2023.05.31-20.51.03:834][  0]LogTexture: Default maximum texture size for cubemaps generated from long-lat sources has been changed from 512 to unlimited. In order to preserve old behaiour for '/Engine/MapTemplates/Sky/DaylightAmbientCubemap.DaylightAmbientCubemap', its maximum texture size has been explicitly set to 512.
[2023.05.31-20.51.05:352][  0]LogHMD: PokeAHoleMaterial loaded successfully
[2023.05.31-20.51.05:360][  0]LogUObjectArray: 17178 objects as part of root set at end of initial load.
[2023.05.31-20.51.05:360][  0]LogUObjectAllocator: 4302048 out of 0 bytes used by permanent object pool.
[2023.05.31-20.51.05:360][  0]LogUObjectArray: CloseDisregardForGC: 0/0 objects in disregard for GC pool
[2023.05.31-20.51.19:122][  0]LogNiagaraDebuggerClient: Niagara Debugger Client Initialized | Session: 00B3465B468B76556D0BF199D94B4AE9 | Instance: 4D8E52E842C501BDB76E9580109CFCFC (DESKTOP-MVRITES-14412).
[2023.05.31-20.51.22:274][  0]LogTcpMessaging: Initializing TcpMessaging bridge
[2023.05.31-20.51.22:398][  0]LogUdpMessaging: Initializing bridge on interface 0.0.0.0:0 to multicast group 230.0.0.1:6666.
[2023.05.31-20.51.23:836][  0]LogPython: Using Python 3.7.7
[2023.05.31-20.51.31:560][  0]SourceControl: Source control is disabled
[2023.05.31-20.51.31:560][  0]SourceControl: Source control is disabled
[2023.05.31-20.51.32:041][  0]SourceControl: Source control is disabled
[2023.05.31-20.51.32:805][  0]SourceControl: Source control is disabled
[2023.05.31-20.51.33:159][  0]LogUProjectInfo: Found projects:
[2023.05.31-20.51.34:063][  0]SourceControl: Source control is disabled
[2023.05.31-20.51.59:994][  0]LogOpenImageDenoise: OIDN starting up
[2023.05.31-20.52.01:368][  0]LogAndroidPermission: UAndroidPermissionCallbackProxy::GetInstance
[2023.05.31-20.52.02:185][  0]LogAudioCaptureCore: Display: No Audio Capture implementations found. Audio input will be silent.
[2023.05.31-20.52.02:185][  0]LogAudioCaptureCore: Display: No Audio Capture implementations found. Audio input will be silent.
[2023.05.31-20.52.11:486][  0]LogCollectionManager: Loaded 0 collections in 0.008232 seconds
[2023.05.31-20.52.12:537][  0]LogFileCache: Scanning file cache for directory 'D:/UEStudy/ARL/UEARL/ARL/Saved/Collections/' took 0.40s
[2023.05.31-20.52.12:537][  0]LogFileCache: Scanning file cache for directory 'D:/UEStudy/ARL/UEARL/ARL/Content/Developers/19159/Collections/' took 0.00s
[2023.05.31-20.52.12:537][  0]LogFileCache: Scanning file cache for directory 'D:/UEStudy/ARL/UEARL/ARL/Content/Collections/' took 0.00s
[2023.05.31-20.52.14:223][  0]LogOcInput: OculusInput pre-init called
[2023.05.31-20.52.23:711][  0]LogAutomationTest: Warning: Smoke tests took >2s to run (3.53s). 'FAutomationTestAttemptToFindUninitializedScriptStructMembers' took 2838ms. SmokeFilter tier tests should take less than 1ms. Please optimize or move 'FAutomationTestAttemptToFindUninitializedScriptStructMembers' to a slower tier than SmokeFilter.
[2023.05.31-20.52.24:968][  0]LogEngine: Initializing Engine...
[2023.05.31-20.52.26:187][  0]LogHMD: Failed to enumerate extensions. Please check that you have a valid OpenXR runtime installed.
[2023.05.31-20.52.26:244][  0]LogHMD: Failed to initialize OpenVR with code 110
[2023.05.31-20.52.26:275][  0]LogMagicLeap: Warning: VR disabled because ZI is not enabled.  To enable, in the editor, Edit -> Project Settings -> Plugins -> Magic Leap Plugin -> Enable Zero Iteration
[2023.05.31-20.52.27:568][  0]LogStats: UGameplayTagsManager::InitializeManager -  0.135 s
[2023.05.31-20.52.28:512][  0]LogInit: Initializing FReadOnlyCVARCache
[2023.05.31-20.52.30:100][  0]LogAIModule: Creating AISystem for world Untitled
[2023.05.31-20.52.30:459][  0]LogAudio: Display: Initializing Audio Device Manager...
[2023.05.31-20.52.30:805][  0]LogAudio: Display: Loading Default Audio Settings Objects...
[2023.05.31-20.52.30:917][  0]LogAudio: Display: No default SoundConcurrencyObject specified (or failed to load).
[2023.05.31-20.52.31:180][  0]LogAudio: Display: Audio Device Manager Initialized
[2023.05.31-20.52.31:181][  0]LogAudio: Display: Creating Audio Device:                 Id: 1, Scope: Shared, Realtime: True
[2023.05.31-20.52.31:492][  0]LogAudioMixer: Display: Audio Mixer Platform Settings:
[2023.05.31-20.52.31:492][  0]LogAudioMixer: Display: 	Sample Rate:						  48000
[2023.05.31-20.52.31:492][  0]LogAudioMixer: Display: 	Callback Buffer Frame Size Requested: 1024
[2023.05.31-20.52.31:492][  0]LogAudioMixer: Display: 	Callback Buffer Frame Size To Use:	  1024
[2023.05.31-20.52.31:492][  0]LogAudioMixer: Display: 	Number of buffers to queue:			  2
[2023.05.31-20.52.31:492][  0]LogAudioMixer: Display: 	Max Channels (voices):				  32
[2023.05.31-20.52.31:492][  0]LogAudioMixer: Display: 	Number of Async Source Workers:		  0
[2023.05.31-20.52.31:492][  0]LogAudio: Display: AudioDevice MaxSources: 32
[2023.05.31-20.52.31:499][  0]LogAudio: Display: Audio Spatialization Plugin: None (built-in).
[2023.05.31-20.52.31:500][  0]LogAudio: Display: Audio Reverb Plugin: None (built-in).
[2023.05.31-20.52.31:500][  0]LogAudio: Display: Audio Occlusion Plugin: None (built-in).
[2023.05.31-20.52.31:533][  0]LogAudioMixer: Display: Initializing audio mixer.
[2023.05.31-20.52.32:265][  0]LogAudioMixer: Display: 0: FrontLeft
[2023.05.31-20.52.32:265][  0]LogAudioMixer: Display: 1: FrontRight
[2023.05.31-20.52.32:593][  0]LogAudioMixer: Display: Using Audio Device 扬声器 (Realtek High Definition Audio)
[2023.05.31-20.52.32:997][  0]LogAudioMixer: Display: Initializing Sound Submixes...
[2023.05.31-20.52.33:002][  0]LogAudioMixer: Display: Creating Master Submix 'MasterSubmixDefault'
[2023.05.31-20.52.33:003][  0]LogAudioMixer: Display: Creating Master Submix 'MasterReverbSubmixDefault'
[2023.05.31-20.52.33:007][  0]LogAudioMixer: Display: Creating Master Submix 'MasterEQSubmixDefault'
[2023.05.31-20.52.33:007][  0]LogAudioMixer: FMixerPlatformXAudio2::StartAudioStream() called
[2023.05.31-20.52.33:008][  0]LogAudioMixer: Display: Output buffers initialized: Frames=1024, Channels=2, Samples=2048
[2023.05.31-20.52.33:009][  0]LogAudioMixer: Display: Starting AudioMixerPlatformInterface::RunInternal()
[2023.05.31-20.52.33:009][  0]LogAudioMixer: Display: FMixerPlatformXAudio2::SubmitBuffer() called for the first time
[2023.05.31-20.52.33:009][  0]LogInit: FAudioDevice initialized.
[2023.05.31-20.52.33:013][  0]LogAudio: Display: Audio Device (ID: 1) registered with world 'Untitled'.
[2023.05.31-20.52.33:066][  0]LogAudioMixer: Display: Audio Buffer Underrun (starvation) detected.
[2023.05.31-20.52.33:066][  0]LogNetVersion: Set ProjectVersion to 1.0.0.0. Version Checksum will be recalculated on next use.
[2023.05.31-20.52.33:198][  0]LogDerivedDataCache: Saved boot cache 0.13s 95MB C:/Users/19159/AppData/Local/UnrealEngine/4.27/DerivedDataCache/Boot.ddc.
[2023.05.31-20.52.33:310][  0]LogInit: Texture streaming: Enabled
[2023.05.31-20.52.34:386][  0]LogAnalytics: Display: [UEEditor.Rocket.Release] APIServer = https://datarouter.ol.epicgames.com/. AppVersion = 4.27.2-18319896+++UE4+Release-4.27
[2023.05.31-20.52.35:339][  0]LogEngineSessionManager: EngineSessionManager initialized
[2023.05.31-20.52.35:534][  0]LogEditorSessionSummary: Verbose: Initializing EditorSessionSummaryWriter for editor session tracking
[2023.05.31-20.52.35:772][  0]LogEditorSessionSummary: EditorSessionSummaryWriter initialized
[2023.05.31-20.52.38:306][  0]LogInit: Transaction tracking system initialized
[2023.05.31-20.52.39:840][  0]BlueprintLog: New page: Editor Load
[2023.05.31-20.52.44:606][  0]LocalizationService: Localization service is disabled
[2023.05.31-20.52.46:581][  0]TimingProfiler: Initialize
[2023.05.31-20.52.46:770][  0]TimingProfiler: OnSessionChanged
[2023.05.31-20.52.46:770][  0]LoadingProfiler: Initialize
[2023.05.31-20.52.46:771][  0]LoadingProfiler: OnSessionChanged
[2023.05.31-20.52.46:771][  0]NetworkingProfiler: Initialize
[2023.05.31-20.52.46:773][  0]NetworkingProfiler: OnSessionChanged
[2023.05.31-20.52.46:773][  0]MemoryProfiler: Initialize
[2023.05.31-20.52.46:773][  0]MemoryProfiler: OnSessionChanged
[2023.05.31-20.52.53:450][  0]LogFileCache: Scanning file cache for directory 'D:/UEStudy/ARL/UEARL/ARL/Content/' took 0.03s
[2023.05.31-20.52.53:451][  0]LogCook: Display: CookSettings for Memory: MemoryMaxUsedVirtual 0MiB, MemoryMaxUsedPhysical 16384MiB, MemoryMinFreeVirtual 0MiB, MemoryMinFreePhysical 1024MiB
[2023.05.31-20.52.53:451][  0]LogCook: Display: Mobile HDR setting 1
[2023.05.31-20.53.02:610][  0]LogInit: Display: Engine is initialized. Leaving FEngineLoop::Init()
[2023.05.31-20.53.03:720][  0]SourceControl: Source control is disabled
[2023.05.31-20.53.03:770][  0]LogUnrealEdMisc: Loading editor; pre map load, took 344.684
[2023.05.31-20.53.04:238][  0]Cmd: MAP LOAD FILE="../../../Engine/Content/Maps/Templates/Template_Default.umap" TEMPLATE=1 SHOWPROGRESS=1 FEATURELEVEL=3
[2023.05.31-20.53.04:553][  0]LightingResults: New page: Lighting Build
[2023.05.31-20.53.05:480][  0]LogWorld: UWorld::CleanupWorld for Untitled, bSessionEnded=true, bCleanupResources=true
[2023.05.31-20.53.06:143][  0]LogSlate: InvalidateAllWidgets triggered.  All widgets were invalidated
[2023.05.31-20.53.08:340][  0]MapCheck: New page: Map Check
[2023.05.31-20.53.08:340][  0]LightingResults: New page: Lighting Build
[2023.05.31-20.53.13:511][  0]LogAudio: Display: Audio Device unregistered from world 'None'.
[2023.05.31-20.53.16:044][  0]LogUObjectHash: Compacting FUObjectHashTables data took   1.51ms
[2023.05.31-20.53.21:173][  0]LogTexture: Display: Building textures: DeprecatedTextureEB9CBE3C423008B5E8E130901E171C89 (BGRA8, 128X128)
[2023.05.31-20.53.23:606][  0]LogAudio: Display: Audio Device (ID: 1) registered with world 'Untitled_1'.
[2023.05.31-20.53.23:632][  0]LogAIModule: Creating AISystem for world Untitled_1
[2023.05.31-20.53.29:490][  0]LogEditorServer: Finished looking for orphan Actors (0.000 secs)
[2023.05.31-20.53.30:483][  0]LogUObjectHash: Compacting FUObjectHashTables data took   0.91ms
[2023.05.31-20.53.30:885][  0]Cmd: MAP CHECKDEP NOCLEARLOG
[2023.05.31-20.53.30:914][  0]MapCheck: Map check complete: 0 Error(s), 0 Warning(s), took 29.293ms to complete.
[2023.05.31-20.53.30:921][  0]LogFileHelpers: Loading map 'Template_Default' took 26.809
[2023.05.31-20.53.39:497][  0]LogUnrealEdMisc: Total Editor Startup Time, took 380.417
[2023.05.31-20.53.46:237][  0]LogSlate: Updating window title bar state: overlay mode, drag disabled, window buttons hidden, title bar hidden
[2023.05.31-20.53.46:291][  0]LogSlate: Updating window title bar state: overlay mode, drag disabled, window buttons hidden, title bar hidden
[2023.05.31-20.53.46:297][  0]LogSlate: Updating window title bar state: overlay mode, drag disabled, window buttons hidden, title bar hidden
[2023.05.31-20.53.46:307][  0]LogSlate: Updating window title bar state: overlay mode, drag disabled, window buttons hidden, title bar hidden
[2023.05.31-20.53.49:598][  0]LogNativeClassHierarchy: Verbose: Native class hierarchy populated in 0.0153 seconds. Added 3823 classes and 930 folders.
[2023.05.31-20.53.50:350][  0]LogNativeClassHierarchy: Verbose: Native class hierarchy updated for 'WidgetCarousel' in 0.0003 seconds. Added 0 classes and 0 folders.
[2023.05.31-20.53.51:005][  0]LogPakFile: PakFile PrimaryIndexSize=187
[2023.05.31-20.53.51:005][  0]LogPakFile: PakFile PathHashIndexSize=101
[2023.05.31-20.53.51:005][  0]LogPakFile: PakFile FullDirectoryIndexSize=148
[2023.05.31-20.53.53:051][  0]LogShaderLibrary: Display: ShaderCodeLibraryPakFileMountedCallback: PakFile 'F:/UE_4.27/FeaturePacks/FP_FirstPerson.upack' (chunk index -1, root 'root:/') mounted
[2023.05.31-20.53.53:051][  0]LogShaderLibrary: Display: ShaderCodeLibraryPakFileMountedCallback: pending pak file info (ChunkID:-1 Root:root:/ File:F:/UE_4.27/FeaturePacks/FP_FirstPerson.upack)
[2023.05.31-20.53.53:107][  0]LogPakFile: OnPakFileMounted2Time == 2.101757
[2023.05.31-20.53.53:560][  0]LogPakFile: PakFile PrimaryIndexSize=189
[2023.05.31-20.53.53:560][  0]LogPakFile: PakFile PathHashIndexSize=101
[2023.05.31-20.53.53:560][  0]LogPakFile: PakFile FullDirectoryIndexSize=152
[2023.05.31-20.53.53:560][  0]LogShaderLibrary: Display: ShaderCodeLibraryPakFileMountedCallback: PakFile 'F:/UE_4.27/FeaturePacks/FP_FirstPersonBP.upack' (chunk index -1, root 'root:/') mounted
[2023.05.31-20.53.53:561][  0]LogShaderLibrary: Display: ShaderCodeLibraryPakFileMountedCallback: pending pak file info (ChunkID:-1 Root:root:/ File:F:/UE_4.27/FeaturePacks/FP_FirstPersonBP.upack)
[2023.05.31-20.53.53:561][  0]LogPakFile: OnPakFileMounted2Time == 0.000822
[2023.05.31-20.53.53:862][  0]LogPakFile: PakFile PrimaryIndexSize=191
[2023.05.31-20.53.53:862][  0]LogPakFile: PakFile PathHashIndexSize=101
[2023.05.31-20.53.53:862][  0]LogPakFile: PakFile FullDirectoryIndexSize=160
[2023.05.31-20.53.53:862][  0]LogShaderLibrary: Display: ShaderCodeLibraryPakFileMountedCallback: PakFile 'F:/UE_4.27/FeaturePacks/MobileStarterContent.upack' (chunk index -1, root 'root:/') mounted
[2023.05.31-20.53.53:862][  0]LogShaderLibrary: Display: ShaderCodeLibraryPakFileMountedCallback: pending pak file info (ChunkID:-1 Root:root:/ File:F:/UE_4.27/FeaturePacks/MobileStarterContent.upack)
[2023.05.31-20.53.53:862][  0]LogPakFile: OnPakFileMounted2Time == 0.000049
[2023.05.31-20.53.54:294][  0]LogPakFile: PakFile PrimaryIndexSize=185
[2023.05.31-20.53.54:294][  0]LogPakFile: PakFile PathHashIndexSize=101
[2023.05.31-20.53.54:294][  0]LogPakFile: PakFile FullDirectoryIndexSize=148
[2023.05.31-20.53.54:294][  0]LogShaderLibrary: Display: ShaderCodeLibraryPakFileMountedCallback: PakFile 'F:/UE_4.27/FeaturePacks/StarterContent.upack' (chunk index -1, root 'root:/') mounted
[2023.05.31-20.53.54:294][  0]LogShaderLibrary: Display: ShaderCodeLibraryPakFileMountedCallback: pending pak file info (ChunkID:-1 Root:root:/ File:F:/UE_4.27/FeaturePacks/StarterContent.upack)
[2023.05.31-20.53.54:294][  0]LogPakFile: OnPakFileMounted2Time == 0.000047
[2023.05.31-20.53.54:325][  0]LogPakFile: PakFile PrimaryIndexSize=190
[2023.05.31-20.53.54:325][  0]LogPakFile: PakFile PathHashIndexSize=101
[2023.05.31-20.53.54:325][  0]LogPakFile: PakFile FullDirectoryIndexSize=154
[2023.05.31-20.53.54:325][  0]LogShaderLibrary: Display: ShaderCodeLibraryPakFileMountedCallback: PakFile 'F:/UE_4.27/FeaturePacks/TP_2DSideScroller.upack' (chunk index -1, root 'root:/') mounted
[2023.05.31-20.53.54:325][  0]LogShaderLibrary: Display: ShaderCodeLibraryPakFileMountedCallback: pending pak file info (ChunkID:-1 Root:root:/ File:F:/UE_4.27/FeaturePacks/TP_2DSideScroller.upack)
[2023.05.31-20.53.54:325][  0]LogPakFile: OnPakFileMounted2Time == 0.000048
[2023.05.31-20.53.54:430][  0]LogPakFile: PakFile PrimaryIndexSize=192
[2023.05.31-20.53.54:430][  0]LogPakFile: PakFile PathHashIndexSize=101
[2023.05.31-20.53.54:430][  0]LogPakFile: PakFile FullDirectoryIndexSize=158
[2023.05.31-20.53.54:430][  0]LogShaderLibrary: Display: ShaderCodeLibraryPakFileMountedCallback: PakFile 'F:/UE_4.27/FeaturePacks/TP_2DSideScrollerBP.upack' (chunk index -1, root 'root:/') mounted
[2023.05.31-20.53.54:430][  0]LogShaderLibrary: Display: ShaderCodeLibraryPakFileMountedCallback: pending pak file info (ChunkID:-1 Root:root:/ File:F:/UE_4.27/FeaturePacks/TP_2DSideScrollerBP.upack)
[2023.05.31-20.53.54:430][  0]LogPakFile: OnPakFileMounted2Time == 0.000075
[2023.05.31-20.53.54:515][  0]LogPakFile: PakFile PrimaryIndexSize=182
[2023.05.31-20.53.54:515][  0]LogPakFile: PakFile PathHashIndexSize=101
[2023.05.31-20.53.54:515][  0]LogPakFile: PakFile FullDirectoryIndexSize=138
[2023.05.31-20.53.54:515][  0]LogShaderLibrary: Display: ShaderCodeLibraryPakFileMountedCallback: PakFile 'F:/UE_4.27/FeaturePacks/TP_Flying.upack' (chunk index -1, root 'root:/') mounted
[2023.05.31-20.53.54:515][  0]LogShaderLibrary: Display: ShaderCodeLibraryPakFileMountedCallback: pending pak file info (ChunkID:-1 Root:root:/ File:F:/UE_4.27/FeaturePacks/TP_Flying.upack)
[2023.05.31-20.53.54:515][  0]LogPakFile: OnPakFileMounted2Time == 0.000048
[2023.05.31-20.53.54:713][  0]LogPakFile: PakFile PrimaryIndexSize=184
[2023.05.31-20.53.54:713][  0]LogPakFile: PakFile PathHashIndexSize=101
[2023.05.31-20.53.54:713][  0]LogPakFile: PakFile FullDirectoryIndexSize=142
[2023.05.31-20.53.54:713][  0]LogShaderLibrary: Display: ShaderCodeLibraryPakFileMountedCallback: PakFile 'F:/UE_4.27/FeaturePacks/TP_FlyingBP.upack' (chunk index -1, root 'root:/') mounted
[2023.05.31-20.53.54:713][  0]LogShaderLibrary: Display: ShaderCodeLibraryPakFileMountedCallback: pending pak file info (ChunkID:-1 Root:root:/ File:F:/UE_4.27/FeaturePacks/TP_FlyingBP.upack)
[2023.05.31-20.53.54:713][  0]LogPakFile: OnPakFileMounted2Time == 0.000051
[2023.05.31-20.53.54:858][  0]LogPakFile: PakFile PrimaryIndexSize=188
[2023.05.31-20.53.54:858][  0]LogPakFile: PakFile PathHashIndexSize=101
[2023.05.31-20.53.54:858][  0]LogPakFile: PakFile FullDirectoryIndexSize=150
[2023.05.31-20.53.54:858][  0]LogShaderLibrary: Display: ShaderCodeLibraryPakFileMountedCallback: PakFile 'F:/UE_4.27/FeaturePacks/TP_HandheldARBP.upack' (chunk index -1, root 'root:/') mounted
[2023.05.31-20.53.54:858][  0]LogShaderLibrary: Display: ShaderCodeLibraryPakFileMountedCallback: pending pak file info (ChunkID:-1 Root:root:/ File:F:/UE_4.27/FeaturePacks/TP_HandheldARBP.upack)
[2023.05.31-20.53.54:858][  0]LogPakFile: OnPakFileMounted2Time == 0.000109
[2023.05.31-20.53.55:222][  0]LogPakFile: PakFile PrimaryIndexSize=182
[2023.05.31-20.53.55:222][  0]LogPakFile: PakFile PathHashIndexSize=101
[2023.05.31-20.53.55:222][  0]LogPakFile: PakFile FullDirectoryIndexSize=138
[2023.05.31-20.53.55:222][  0]LogShaderLibrary: Display: ShaderCodeLibraryPakFileMountedCallback: PakFile 'F:/UE_4.27/FeaturePacks/TP_Puzzle.upack' (chunk index -1, root 'root:/') mounted
[2023.05.31-20.53.55:222][  0]LogShaderLibrary: Display: ShaderCodeLibraryPakFileMountedCallback: pending pak file info (ChunkID:-1 Root:root:/ File:F:/UE_4.27/FeaturePacks/TP_Puzzle.upack)
[2023.05.31-20.53.55:222][  0]LogPakFile: OnPakFileMounted2Time == 0.000044
[2023.05.31-20.53.55:630][  0]LogPakFile: PakFile PrimaryIndexSize=184
[2023.05.31-20.53.55:630][  0]LogPakFile: PakFile PathHashIndexSize=101
[2023.05.31-20.53.55:630][  0]LogPakFile: PakFile FullDirectoryIndexSize=142
[2023.05.31-20.53.55:630][  0]LogShaderLibrary: Display: ShaderCodeLibraryPakFileMountedCallback: PakFile 'F:/UE_4.27/FeaturePacks/TP_PuzzleBP.upack' (chunk index -1, root 'root:/') mounted
[2023.05.31-20.53.55:630][  0]LogShaderLibrary: Display: ShaderCodeLibraryPakFileMountedCallback: pending pak file info (ChunkID:-1 Root:root:/ File:F:/UE_4.27/FeaturePacks/TP_PuzzleBP.upack)
[2023.05.31-20.53.55:630][  0]LogPakFile: OnPakFileMounted2Time == 0.000049
[2023.05.31-20.53.55:635][  0]LogPakFile: PakFile PrimaryIndexSize=183
[2023.05.31-20.53.55:635][  0]LogPakFile: PakFile PathHashIndexSize=101
[2023.05.31-20.53.55:635][  0]LogPakFile: PakFile FullDirectoryIndexSize=140
[2023.05.31-20.53.55:635][  0]LogShaderLibrary: Display: ShaderCodeLibraryPakFileMountedCallback: PakFile 'F:/UE_4.27/FeaturePacks/TP_Rolling.upack' (chunk index -1, root 'root:/') mounted
[2023.05.31-20.53.55:635][  0]LogShaderLibrary: Display: ShaderCodeLibraryPakFileMountedCallback: pending pak file info (ChunkID:-1 Root:root:/ File:F:/UE_4.27/FeaturePacks/TP_Rolling.upack)
[2023.05.31-20.53.55:635][  0]LogPakFile: OnPakFileMounted2Time == 0.000044
[2023.05.31-20.53.55:642][  0]LogPakFile: PakFile PrimaryIndexSize=185
[2023.05.31-20.53.55:642][  0]LogPakFile: PakFile PathHashIndexSize=101
[2023.05.31-20.53.55:642][  0]LogPakFile: PakFile FullDirectoryIndexSize=144
[2023.05.31-20.53.55:642][  0]LogShaderLibrary: Display: ShaderCodeLibraryPakFileMountedCallback: PakFile 'F:/UE_4.27/FeaturePacks/TP_RollingBP.upack' (chunk index -1, root 'root:/') mounted
[2023.05.31-20.53.55:642][  0]LogShaderLibrary: Display: ShaderCodeLibraryPakFileMountedCallback: pending pak file info (ChunkID:-1 Root:root:/ File:F:/UE_4.27/FeaturePacks/TP_RollingBP.upack)
[2023.05.31-20.53.55:642][  0]LogPakFile: OnPakFileMounted2Time == 0.000053
[2023.05.31-20.53.55:787][  0]LogPakFile: PakFile PrimaryIndexSize=188
[2023.05.31-20.53.55:787][  0]LogPakFile: PakFile PathHashIndexSize=101
[2023.05.31-20.53.55:787][  0]LogPakFile: PakFile FullDirectoryIndexSize=150
[2023.05.31-20.53.55:787][  0]LogShaderLibrary: Display: ShaderCodeLibraryPakFileMountedCallback: PakFile 'F:/UE_4.27/FeaturePacks/TP_SideScroller.upack' (chunk index -1, root 'root:/') mounted
[2023.05.31-20.53.55:787][  0]LogShaderLibrary: Display: ShaderCodeLibraryPakFileMountedCallback: pending pak file info (ChunkID:-1 Root:root:/ File:F:/UE_4.27/FeaturePacks/TP_SideScroller.upack)
[2023.05.31-20.53.55:787][  0]LogPakFile: OnPakFileMounted2Time == 0.000048
[2023.05.31-20.53.56:124][  0]LogPakFile: PakFile PrimaryIndexSize=190
[2023.05.31-20.53.56:124][  0]LogPakFile: PakFile PathHashIndexSize=101
[2023.05.31-20.53.56:124][  0]LogPakFile: PakFile FullDirectoryIndexSize=154
[2023.05.31-20.53.56:124][  0]LogShaderLibrary: Display: ShaderCodeLibraryPakFileMountedCallback: PakFile 'F:/UE_4.27/FeaturePacks/TP_SideScrollerBP.upack' (chunk index -1, root 'root:/') mounted
[2023.05.31-20.53.56:124][  0]LogShaderLibrary: Display: ShaderCodeLibraryPakFileMountedCallback: pending pak file info (ChunkID:-1 Root:root:/ File:F:/UE_4.27/FeaturePacks/TP_SideScrollerBP.upack)
[2023.05.31-20.53.56:124][  0]LogPakFile: OnPakFileMounted2Time == 0.000046
[2023.05.31-20.53.56:128][  0]LogPakFile: PakFile PrimaryIndexSize=187
[2023.05.31-20.53.56:128][  0]LogPakFile: PakFile PathHashIndexSize=101
[2023.05.31-20.53.56:128][  0]LogPakFile: PakFile FullDirectoryIndexSize=148
[2023.05.31-20.53.56:128][  0]LogShaderLibrary: Display: ShaderCodeLibraryPakFileMountedCallback: PakFile 'F:/UE_4.27/FeaturePacks/TP_ThirdPerson.upack' (chunk index -1, root 'root:/') mounted
[2023.05.31-20.53.56:128][  0]LogShaderLibrary: Display: ShaderCodeLibraryPakFileMountedCallback: pending pak file info (ChunkID:-1 Root:root:/ File:F:/UE_4.27/FeaturePacks/TP_ThirdPerson.upack)
[2023.05.31-20.53.56:128][  0]LogPakFile: OnPakFileMounted2Time == 0.000071
[2023.05.31-20.53.56:176][  0]LogPakFile: PakFile PrimaryIndexSize=189
[2023.05.31-20.53.56:176][  0]LogPakFile: PakFile PathHashIndexSize=101
[2023.05.31-20.53.56:176][  0]LogPakFile: PakFile FullDirectoryIndexSize=152
[2023.05.31-20.53.56:176][  0]LogShaderLibrary: Display: ShaderCodeLibraryPakFileMountedCallback: PakFile 'F:/UE_4.27/FeaturePacks/TP_ThirdPersonBP.upack' (chunk index -1, root 'root:/') mounted
[2023.05.31-20.53.56:176][  0]LogShaderLibrary: Display: ShaderCodeLibraryPakFileMountedCallback: pending pak file info (ChunkID:-1 Root:root:/ File:F:/UE_4.27/FeaturePacks/TP_ThirdPersonBP.upack)
[2023.05.31-20.53.56:176][  0]LogPakFile: OnPakFileMounted2Time == 0.000051
[2023.05.31-20.53.56:453][  0]LogPakFile: PakFile PrimaryIndexSize=183
[2023.05.31-20.53.56:453][  0]LogPakFile: PakFile PathHashIndexSize=101
[2023.05.31-20.53.56:453][  0]LogPakFile: PakFile FullDirectoryIndexSize=140
[2023.05.31-20.53.56:453][  0]LogShaderLibrary: Display: ShaderCodeLibraryPakFileMountedCallback: PakFile 'F:/UE_4.27/FeaturePacks/TP_TopDown.upack' (chunk index -1, root 'root:/') mounted
[2023.05.31-20.53.56:453][  0]LogShaderLibrary: Display: ShaderCodeLibraryPakFileMountedCallback: pending pak file info (ChunkID:-1 Root:root:/ File:F:/UE_4.27/FeaturePacks/TP_TopDown.upack)
[2023.05.31-20.53.56:453][  0]LogPakFile: OnPakFileMounted2Time == 0.000056
[2023.05.31-20.53.56:865][  0]LogPakFile: PakFile PrimaryIndexSize=185
[2023.05.31-20.53.56:865][  0]LogPakFile: PakFile PathHashIndexSize=101
[2023.05.31-20.53.56:865][  0]LogPakFile: PakFile FullDirectoryIndexSize=144
[2023.05.31-20.53.56:865][  0]LogShaderLibrary: Display: ShaderCodeLibraryPakFileMountedCallback: PakFile 'F:/UE_4.27/FeaturePacks/TP_TopDownBP.upack' (chunk index -1, root 'root:/') mounted
[2023.05.31-20.53.56:865][  0]LogShaderLibrary: Display: ShaderCodeLibraryPakFileMountedCallback: pending pak file info (ChunkID:-1 Root:root:/ File:F:/UE_4.27/FeaturePacks/TP_TopDownBP.upack)
[2023.05.31-20.53.56:865][  0]LogPakFile: OnPakFileMounted2Time == 0.000053
[2023.05.31-20.53.57:061][  0]LogPakFile: PakFile PrimaryIndexSize=185
[2023.05.31-20.53.57:061][  0]LogPakFile: PakFile PathHashIndexSize=101
[2023.05.31-20.53.57:061][  0]LogPakFile: PakFile FullDirectoryIndexSize=144
[2023.05.31-20.53.57:061][  0]LogShaderLibrary: Display: ShaderCodeLibraryPakFileMountedCallback: PakFile 'F:/UE_4.27/FeaturePacks/TP_TwinStick.upack' (chunk index -1, root 'root:/') mounted
[2023.05.31-20.53.57:061][  0]LogShaderLibrary: Display: ShaderCodeLibraryPakFileMountedCallback: pending pak file info (ChunkID:-1 Root:root:/ File:F:/UE_4.27/FeaturePacks/TP_TwinStick.upack)
[2023.05.31-20.53.57:061][  0]LogPakFile: OnPakFileMounted2Time == 0.000071
[2023.05.31-20.53.57:116][  0]LogPakFile: PakFile PrimaryIndexSize=187
[2023.05.31-20.53.57:116][  0]LogPakFile: PakFile PathHashIndexSize=101
[2023.05.31-20.53.57:116][  0]LogPakFile: PakFile FullDirectoryIndexSize=148
[2023.05.31-20.53.57:116][  0]LogShaderLibrary: Display: ShaderCodeLibraryPakFileMountedCallback: PakFile 'F:/UE_4.27/FeaturePacks/TP_TwinStickBP.upack' (chunk index -1, root 'root:/') mounted
[2023.05.31-20.53.57:116][  0]LogShaderLibrary: Display: ShaderCodeLibraryPakFileMountedCallback: pending pak file info (ChunkID:-1 Root:root:/ File:F:/UE_4.27/FeaturePacks/TP_TwinStickBP.upack)
[2023.05.31-20.53.57:116][  0]LogPakFile: OnPakFileMounted2Time == 0.000054
[2023.05.31-20.53.57:228][  0]LogPakFile: PakFile PrimaryIndexSize=183
[2023.05.31-20.53.57:228][  0]LogPakFile: PakFile PathHashIndexSize=101
[2023.05.31-20.53.57:228][  0]LogPakFile: PakFile FullDirectoryIndexSize=140
[2023.05.31-20.53.57:228][  0]LogShaderLibrary: Display: ShaderCodeLibraryPakFileMountedCallback: PakFile 'F:/UE_4.27/FeaturePacks/TP_Vehicle.upack' (chunk index -1, root 'root:/') mounted
[2023.05.31-20.53.57:228][  0]LogShaderLibrary: Display: ShaderCodeLibraryPakFileMountedCallback: pending pak file info (ChunkID:-1 Root:root:/ File:F:/UE_4.27/FeaturePacks/TP_Vehicle.upack)
[2023.05.31-20.53.57:228][  0]LogPakFile: OnPakFileMounted2Time == 0.000049
[2023.05.31-20.53.57:243][  0]LogPakFile: PakFile PrimaryIndexSize=186
[2023.05.31-20.53.57:243][  0]LogPakFile: PakFile PathHashIndexSize=101
[2023.05.31-20.53.57:243][  0]LogPakFile: PakFile FullDirectoryIndexSize=146
[2023.05.31-20.53.57:243][  0]LogShaderLibrary: Display: ShaderCodeLibraryPakFileMountedCallback: PakFile 'F:/UE_4.27/FeaturePacks/TP_VehicleAdv.upack' (chunk index -1, root 'root:/') mounted
[2023.05.31-20.53.57:243][  0]LogShaderLibrary: Display: ShaderCodeLibraryPakFileMountedCallback: pending pak file info (ChunkID:-1 Root:root:/ File:F:/UE_4.27/FeaturePacks/TP_VehicleAdv.upack)
[2023.05.31-20.53.57:243][  0]LogPakFile: OnPakFileMounted2Time == 0.000049
[2023.05.31-20.53.57:247][  0]LogPakFile: PakFile PrimaryIndexSize=188
[2023.05.31-20.53.57:247][  0]LogPakFile: PakFile PathHashIndexSize=101
[2023.05.31-20.53.57:247][  0]LogPakFile: PakFile FullDirectoryIndexSize=150
[2023.05.31-20.53.57:247][  0]LogShaderLibrary: Display: ShaderCodeLibraryPakFileMountedCallback: PakFile 'F:/UE_4.27/FeaturePacks/TP_VehicleAdvBP.upack' (chunk index -1, root 'root:/') mounted
[2023.05.31-20.53.57:247][  0]LogShaderLibrary: Display: ShaderCodeLibraryPakFileMountedCallback: pending pak file info (ChunkID:-1 Root:root:/ File:F:/UE_4.27/FeaturePacks/TP_VehicleAdvBP.upack)
[2023.05.31-20.53.57:247][  0]LogPakFile: OnPakFileMounted2Time == 0.000054
[2023.05.31-20.53.57:266][  0]LogPakFile: PakFile PrimaryIndexSize=185
[2023.05.31-20.53.57:266][  0]LogPakFile: PakFile PathHashIndexSize=101
[2023.05.31-20.53.57:266][  0]LogPakFile: PakFile FullDirectoryIndexSize=144
[2023.05.31-20.53.57:266][  0]LogShaderLibrary: Display: ShaderCodeLibraryPakFileMountedCallback: PakFile 'F:/UE_4.27/FeaturePacks/TP_VehicleBP.upack' (chunk index -1, root 'root:/') mounted
[2023.05.31-20.53.57:266][  0]LogShaderLibrary: Display: ShaderCodeLibraryPakFileMountedCallback: pending pak file info (ChunkID:-1 Root:root:/ File:F:/UE_4.27/FeaturePacks/TP_VehicleBP.upack)
[2023.05.31-20.53.57:266][  0]LogPakFile: OnPakFileMounted2Time == 0.000087
[2023.05.31-20.53.57:525][  0]LogPakFile: PakFile PrimaryIndexSize=192
[2023.05.31-20.53.57:525][  0]LogPakFile: PakFile PathHashIndexSize=101
[2023.05.31-20.53.57:525][  0]LogPakFile: PakFile FullDirectoryIndexSize=158
[2023.05.31-20.53.57:525][  0]LogShaderLibrary: Display: ShaderCodeLibraryPakFileMountedCallback: PakFile 'F:/UE_4.27/FeaturePacks/TP_VirtualRealityBP.upack' (chunk index -1, root 'root:/') mounted
[2023.05.31-20.53.57:525][  0]LogShaderLibrary: Display: ShaderCodeLibraryPakFileMountedCallback: pending pak file info (ChunkID:-1 Root:root:/ File:F:/UE_4.27/FeaturePacks/TP_VirtualRealityBP.upack)
[2023.05.31-20.53.57:525][  0]LogPakFile: OnPakFileMounted2Time == 0.000057
[2023.05.31-20.54.17:749][  0]LogNativeClassHierarchy: Verbose: Native class hierarchy updated for 'AddContentDialog' in 0.0003 seconds. Added 0 classes and 0 folders.
[2023.05.31-20.54.21:003][  0]LogNativeClassHierarchy: Verbose: Native class hierarchy updated for 'SceneOutliner' in 0.0003 seconds. Added 2 classes and 0 folders.
[2023.05.31-20.54.27:008][  0]LogSlate: Took 0.062222 seconds to synchronously load lazily loaded font '../../../Engine/Content/Slate/Fonts/Roboto-Regular.ttf' (155K)
[2023.05.31-20.54.27:087][  0]LogSlate: Took 0.016322 seconds to synchronously load lazily loaded font '../../../Engine/Content/Editor/Slate/Fonts/FontAwesome.ttf' (139K)
[2023.05.31-20.54.27:119][  0]LogSlate: Took 0.017534 seconds to synchronously load lazily loaded font '../../../Engine/Content/Slate/Fonts/Roboto-Bold.ttf' (160K)
[2023.05.31-20.54.29:289][  0]LogRenderer: Reallocating scene render targets to support 1208x600 Format 10 NumSamples 1 (Frame:1).
[2023.05.31-20.54.30:445][  0]LogNativeClassHierarchy: Verbose: Native class hierarchy updated for 'HierarchicalLODOutliner' in 0.0003 seconds. Added 0 classes and 0 folders.
[2023.05.31-20.54.30:445][  0]LogLoad: (Engine Initialization) Total time: 431.37 seconds
[2023.05.31-20.54.30:445][  0]LogLoad: (Engine Initialization) Total Blueprint compile time: 0.00 seconds
[2023.05.31-20.54.31:131][  0]LogContentStreaming: Texture pool size now 1000 MB
[2023.05.31-20.54.32:052][  1]LogAssetRegistry: Asset discovery search completed in 239.8155 seconds
[2023.05.31-20.54.32:367][  1]LogCollectionManager: Fixed up redirectors for 0 collections in 0.012337 seconds (updated 0 objects)
